running develop
running egg_info
creating safety_controller.egg-info
writing safety_controller.egg-info/PKG-INFO
writing dependency_links to safety_controller.egg-info/dependency_links.txt
writing entry points to safety_controller.egg-info/entry_points.txt
writing requirements to safety_controller.egg-info/requires.txt
writing top-level names to safety_controller.egg-info/top_level.txt
writing manifest file 'safety_controller.egg-info/SOURCES.txt'
reading manifest file 'safety_controller.egg-info/SOURCES.txt'
writing manifest file 'safety_controller.egg-info/SOURCES.txt'
running build_ext
Creating /home/racecar/racecar_ws/src/final_challenge2024/install/safety_controller/lib/python3.8/site-packages/site.py
Creating /home/racecar/racecar_ws/src/final_challenge2024/install/safety_controller/lib/python3.8/site-packages/safety-controller.egg-link (link to .)
Installing safety_controller script to /home/racecar/racecar_ws/src/final_challenge2024/install/safety_controller/lib/safety_controller

Installed /home/racecar/racecar_ws/src/final_challenge2024/build/safety_controller
running install_data
creating /home/racecar/racecar_ws/src/final_challenge2024/install/safety_controller/share/ament_index
creating /home/racecar/racecar_ws/src/final_challenge2024/install/safety_controller/share/ament_index/resource_index
creating /home/racecar/racecar_ws/src/final_challenge2024/install/safety_controller/share/ament_index/resource_index/packages
copying resource/safety_controller -> /home/racecar/racecar_ws/src/final_challenge2024/install/safety_controller/share/ament_index/resource_index/packages
copying package.xml -> /home/racecar/racecar_ws/src/final_challenge2024/install/safety_controller/share/safety_controller
