running egg_info
creating ../build/safety_controller/safety_controller.egg-info
writing ../build/safety_controller/safety_controller.egg-info/PKG-INFO
writing dependency_links to ../build/safety_controller/safety_controller.egg-info/dependency_links.txt
writing entry points to ../build/safety_controller/safety_controller.egg-info/entry_points.txt
writing requirements to ../build/safety_controller/safety_controller.egg-info/requires.txt
writing top-level names to ../build/safety_controller/safety_controller.egg-info/top_level.txt
writing manifest file '../build/safety_controller/safety_controller.egg-info/SOURCES.txt'
reading manifest file '../build/safety_controller/safety_controller.egg-info/SOURCES.txt'
writing manifest file '../build/safety_controller/safety_controller.egg-info/SOURCES.txt'
running build
running build_py
creating /home/racecar/racecar_ws/src/final_challenge2024/build/safety_controller/build
creating /home/racecar/racecar_ws/src/final_challenge2024/build/safety_controller/build/lib
creating /home/racecar/racecar_ws/src/final_challenge2024/build/safety_controller/build/lib/safety_controller
copying safety_controller/__init__.py -> /home/racecar/racecar_ws/src/final_challenge2024/build/safety_controller/build/lib/safety_controller
copying safety_controller/safety_controller.py -> /home/racecar/racecar_ws/src/final_challenge2024/build/safety_controller/build/lib/safety_controller
running install
running install_lib
creating /home/racecar/racecar_ws/src/final_challenge2024/install/safety_controller/lib/python3.8/site-packages/safety_controller
copying /home/racecar/racecar_ws/src/final_challenge2024/build/safety_controller/build/lib/safety_controller/__init__.py -> /home/racecar/racecar_ws/src/final_challenge2024/install/safety_controller/lib/python3.8/site-packages/safety_controller
copying /home/racecar/racecar_ws/src/final_challenge2024/build/safety_controller/build/lib/safety_controller/safety_controller.py -> /home/racecar/racecar_ws/src/final_challenge2024/install/safety_controller/lib/python3.8/site-packages/safety_controller
byte-compiling /home/racecar/racecar_ws/src/final_challenge2024/install/safety_controller/lib/python3.8/site-packages/safety_controller/__init__.py to __init__.cpython-38.pyc
byte-compiling /home/racecar/racecar_ws/src/final_challenge2024/install/safety_controller/lib/python3.8/site-packages/safety_controller/safety_controller.py to safety_controller.cpython-38.pyc
running install_data
creating /home/racecar/racecar_ws/src/final_challenge2024/install/safety_controller/share/ament_index
creating /home/racecar/racecar_ws/src/final_challenge2024/install/safety_controller/share/ament_index/resource_index
creating /home/racecar/racecar_ws/src/final_challenge2024/install/safety_controller/share/ament_index/resource_index/packages
copying resource/safety_controller -> /home/racecar/racecar_ws/src/final_challenge2024/install/safety_controller/share/ament_index/resource_index/packages
copying package.xml -> /home/racecar/racecar_ws/src/final_challenge2024/install/safety_controller/share/safety_controller
running install_egg_info
Copying ../build/safety_controller/safety_controller.egg-info to /home/racecar/racecar_ws/src/final_challenge2024/install/safety_controller/lib/python3.8/site-packages/safety_controller-0.0.0-py3.8.egg-info
running install_scripts
writing list of installed files to '/home/racecar/racecar_ws/src/final_challenge2024/build/safety_controller/install.log'
