[1.948s] Invoking command in '/home/racecar/racecar_ws/src/final_challenge2024/safety_controller': PYTHONPATH=/home/racecar/racecar_ws/src/final_challenge2024/build/safety_controller/prefix_override:/home/racecar/racecar_ws/src/final_challenge2024/install/safety_controller/lib/python3.8/site-packages:${PYTHONPATH} /usr/bin/python3 setup.py egg_info --egg-base ../build/safety_controller build --build-base /home/racecar/racecar_ws/src/final_challenge2024/build/safety_controller/build install --record /home/racecar/racecar_ws/src/final_challenge2024/build/safety_controller/install.log --install-scripts $base/lib/safety_controller --single-version-externally-managed
[2.454s] running egg_info
[2.455s] creating ../build/safety_controller/safety_controller.egg-info
[2.456s] writing ../build/safety_controller/safety_controller.egg-info/PKG-INFO
[2.456s] writing dependency_links to ../build/safety_controller/safety_controller.egg-info/dependency_links.txt
[2.457s] writing entry points to ../build/safety_controller/safety_controller.egg-info/entry_points.txt
[2.458s] writing requirements to ../build/safety_controller/safety_controller.egg-info/requires.txt
[2.459s] writing top-level names to ../build/safety_controller/safety_controller.egg-info/top_level.txt
[2.466s] writing manifest file '../build/safety_controller/safety_controller.egg-info/SOURCES.txt'
[2.521s] reading manifest file '../build/safety_controller/safety_controller.egg-info/SOURCES.txt'
[2.524s] writing manifest file '../build/safety_controller/safety_controller.egg-info/SOURCES.txt'
[2.525s] running build
[2.526s] running build_py
[2.527s] creating /home/racecar/racecar_ws/src/final_challenge2024/build/safety_controller/build
[2.527s] creating /home/racecar/racecar_ws/src/final_challenge2024/build/safety_controller/build/lib
[2.528s] creating /home/racecar/racecar_ws/src/final_challenge2024/build/safety_controller/build/lib/safety_controller
[2.529s] copying safety_controller/__init__.py -> /home/racecar/racecar_ws/src/final_challenge2024/build/safety_controller/build/lib/safety_controller
[2.530s] copying safety_controller/safety_controller.py -> /home/racecar/racecar_ws/src/final_challenge2024/build/safety_controller/build/lib/safety_controller
[2.530s] running install
[2.532s] running install_lib
[2.534s] creating /home/racecar/racecar_ws/src/final_challenge2024/install/safety_controller/lib/python3.8/site-packages/safety_controller
[2.535s] copying /home/racecar/racecar_ws/src/final_challenge2024/build/safety_controller/build/lib/safety_controller/__init__.py -> /home/racecar/racecar_ws/src/final_challenge2024/install/safety_controller/lib/python3.8/site-packages/safety_controller
[2.537s] copying /home/racecar/racecar_ws/src/final_challenge2024/build/safety_controller/build/lib/safety_controller/safety_controller.py -> /home/racecar/racecar_ws/src/final_challenge2024/install/safety_controller/lib/python3.8/site-packages/safety_controller
[2.539s] byte-compiling /home/racecar/racecar_ws/src/final_challenge2024/install/safety_controller/lib/python3.8/site-packages/safety_controller/__init__.py to __init__.cpython-38.pyc
[2.549s] byte-compiling /home/racecar/racecar_ws/src/final_challenge2024/install/safety_controller/lib/python3.8/site-packages/safety_controller/safety_controller.py to safety_controller.cpython-38.pyc
[2.554s] running install_data
[2.555s] creating /home/racecar/racecar_ws/src/final_challenge2024/install/safety_controller/share/ament_index
[2.556s] creating /home/racecar/racecar_ws/src/final_challenge2024/install/safety_controller/share/ament_index/resource_index
[2.556s] creating /home/racecar/racecar_ws/src/final_challenge2024/install/safety_controller/share/ament_index/resource_index/packages
[2.557s] copying resource/safety_controller -> /home/racecar/racecar_ws/src/final_challenge2024/install/safety_controller/share/ament_index/resource_index/packages
[2.558s] copying package.xml -> /home/racecar/racecar_ws/src/final_challenge2024/install/safety_controller/share/safety_controller
[2.559s] running install_egg_info
[2.563s] Copying ../build/safety_controller/safety_controller.egg-info to /home/racecar/racecar_ws/src/final_challenge2024/install/safety_controller/lib/python3.8/site-packages/safety_controller-0.0.0-py3.8.egg-info
[2.581s] running install_scripts
[2.614s] writing list of installed files to '/home/racecar/racecar_ws/src/final_challenge2024/build/safety_controller/install.log'
[2.640s] Invoked command in '/home/racecar/racecar_ws/src/final_challenge2024/safety_controller' returned '0': PYTHONPATH=/home/racecar/racecar_ws/src/final_challenge2024/build/safety_controller/prefix_override:/home/racecar/racecar_ws/src/final_challenge2024/install/safety_controller/lib/python3.8/site-packages:${PYTHONPATH} /usr/bin/python3 setup.py egg_info --egg-base ../build/safety_controller build --build-base /home/racecar/racecar_ws/src/final_challenge2024/build/safety_controller/build install --record /home/racecar/racecar_ws/src/final_challenge2024/build/safety_controller/install.log --install-scripts $base/lib/safety_controller --single-version-externally-managed
