[0.000000] (-) TimerEvent: {}
[0.002486] (-) JobUnselected: {'identifier': 'point_publisher'}
[0.003568] (-) JobUnselected: {'identifier': 'stop_detector'}
[0.004223] (safety_controller) JobQueued: {'identifier': 'safety_controller', 'dependencies': OrderedDict()}
[0.005186] (safety_controller) JobStarted: {'identifier': 'safety_controller'}
[0.101368] (-) TimerEvent: {}
[0.203150] (-) TimerEvent: {}
[0.305455] (-) TimerEvent: {}
[0.407374] (-) TimerEvent: {}
[0.509497] (-) TimerEvent: {}
[0.611835] (-) TimerEvent: {}
[0.713292] (-) TimerEvent: {}
[0.814331] (-) TimerEvent: {}
[0.915217] (-) TimerEvent: {}
[1.023808] (-) TimerEvent: {}
[1.126826] (-) TimerEvent: {}
[1.229144] (-) TimerEvent: {}
[1.330558] (-) TimerEvent: {}
[1.432632] (-) TimerEvent: {}
[1.534130] (-) TimerEvent: {}
[1.635148] (-) TimerEvent: {}
[1.736113] (-) TimerEvent: {}
[1.837599] (-) TimerEvent: {}
[1.938976] (safety_controller) Command: {'cmd': ['/usr/bin/python3', 'setup.py', 'egg_info', '--egg-base', '../build/safety_controller', 'build', '--build-base', '/home/racecar/racecar_ws/src/final_challenge2024/build/safety_controller/build', 'install', '--record', '/home/racecar/racecar_ws/src/final_challenge2024/build/safety_controller/install.log', '--install-scripts', '$base/lib/safety_controller', '--single-version-externally-managed'], 'cwd': '/home/racecar/racecar_ws/src/final_challenge2024/safety_controller', 'env': {'PYTHONIOENCODING': 'utf-8', 'HOSTNAME': '6c212dcd643e', 'SHLVL': '1', 'LD_LIBRARY_PATH': '/home/racecar/racecar_ws/install/vs_msgs/lib:/home/racecar/racecar_ws/install/custom_msgs/lib:/opt/ros/foxy/opt/yaml_cpp_vendor/lib:/opt/ros/foxy/opt/rviz_ogre_vendor/lib:/opt/ros/foxy/lib/x86_64-linux-gnu:/opt/ros/foxy/lib', 'HOME': '/home/racecar', 'OLDPWD': '/home/racecar/racecar_ws/src', 'ROS_PYTHON_VERSION': '3', 'COLCON_PREFIX_PATH': '/home/sim_ws/install:/home/racecar/racecar_ws/install', 'ROS_DISTRO': 'foxy', '_': '/usr/bin/colcon', 'ROS_VERSION': '2', 'TERM': 'xterm', 'ROS_LOCALHOST_ONLY': '0', 'PATH': '/opt/ros/foxy/bin:/usr/local/sbin:/usr/local/bin:/usr/sbin:/usr/bin:/sbin:/bin', 'LANG': 'en_US.UTF-8', 'AMENT_PREFIX_PATH': '/home/sim_ws/install/racecar_simulator:/home/racecar/racecar_ws/install/wall_follower:/home/racecar/racecar_ws/install/safety_controller:/home/racecar/racecar_ws/install/ros_exercises:/home/racecar/racecar_ws/install/path_planning:/home/racecar/racecar_ws/install/localization:/home/racecar/racecar_ws/install/custom_msgs:/opt/ros/foxy', 'SIM_WS': '/home/sim_ws', 'PWD': '/home/racecar/racecar_ws/src/final_challenge2024/build/safety_controller', 'PYTHONPATH': '/home/racecar/racecar_ws/src/final_challenge2024/build/safety_controller/prefix_override:/home/racecar/racecar_ws/src/final_challenge2024/install/safety_controller/lib/python3.8/site-packages:/home/racecar/racecar_ws/install/wall_follower/lib/python3.8/site-packages:/home/racecar/racecar_ws/install/vs_msgs/lib/python3.8/site-packages:/home/racecar/racecar_ws/build/safety_controller:/home/racecar/racecar_ws/install/safety_controller/lib/python3.8/site-packages:/home/racecar/racecar_ws/install/ros_exercises/lib/python3.8/site-packages:/home/racecar/racecar_ws/build/path_planning:/home/racecar/racecar_ws/install/path_planning/lib/python3.8/site-packages:/home/racecar/racecar_ws/build/localization:/home/racecar/racecar_ws/install/localization/lib/python3.8/site-packages:/home/racecar/racecar_ws/install/custom_msgs/lib/python3.8/site-packages:/opt/ros/foxy/lib/python3.8/site-packages', 'NO_VNC_VERSION': '1.4.0', 'COLCON': '1', 'CMAKE_PREFIX_PATH': '/home/sim_ws/install/racecar_simulator:/home/racecar/racecar_ws/install/vs_msgs:/home/racecar/racecar_ws/install/custom_msgs'}, 'shell': False}
[1.956173] (-) TimerEvent: {}
[2.059151] (-) TimerEvent: {}
[2.164120] (-) TimerEvent: {}
[2.266119] (-) TimerEvent: {}
[2.367142] (-) TimerEvent: {}
[2.456130] (safety_controller) StdoutLine: {'line': b'running egg_info\n'}
[2.459793] (safety_controller) StdoutLine: {'line': b'creating ../build/safety_controller/safety_controller.egg-info\n'}
[2.460717] (safety_controller) StdoutLine: {'line': b'writing ../build/safety_controller/safety_controller.egg-info/PKG-INFO\n'}
[2.461573] (safety_controller) StdoutLine: {'line': b'writing dependency_links to ../build/safety_controller/safety_controller.egg-info/dependency_links.txt\n'}
[2.462341] (safety_controller) StdoutLine: {'line': b'writing entry points to ../build/safety_controller/safety_controller.egg-info/entry_points.txt\n'}
[2.463489] (safety_controller) StdoutLine: {'line': b'writing requirements to ../build/safety_controller/safety_controller.egg-info/requires.txt\n'}
[2.464252] (safety_controller) StdoutLine: {'line': b'writing top-level names to ../build/safety_controller/safety_controller.egg-info/top_level.txt\n'}
[2.468850] (-) TimerEvent: {}
[2.470740] (safety_controller) StdoutLine: {'line': b"writing manifest file '../build/safety_controller/safety_controller.egg-info/SOURCES.txt'\n"}
[2.526025] (safety_controller) StdoutLine: {'line': b"reading manifest file '../build/safety_controller/safety_controller.egg-info/SOURCES.txt'\n"}
[2.528764] (safety_controller) StdoutLine: {'line': b"writing manifest file '../build/safety_controller/safety_controller.egg-info/SOURCES.txt'\n"}
[2.529743] (safety_controller) StdoutLine: {'line': b'running build\n'}
[2.530637] (safety_controller) StdoutLine: {'line': b'running build_py\n'}
[2.531598] (safety_controller) StdoutLine: {'line': b'creating /home/racecar/racecar_ws/src/final_challenge2024/build/safety_controller/build\n'}
[2.532443] (safety_controller) StdoutLine: {'line': b'creating /home/racecar/racecar_ws/src/final_challenge2024/build/safety_controller/build/lib\n'}
[2.533285] (safety_controller) StdoutLine: {'line': b'creating /home/racecar/racecar_ws/src/final_challenge2024/build/safety_controller/build/lib/safety_controller\n'}
[2.534131] (safety_controller) StdoutLine: {'line': b'copying safety_controller/__init__.py -> /home/racecar/racecar_ws/src/final_challenge2024/build/safety_controller/build/lib/safety_controller\n'}
[2.534922] (safety_controller) StdoutLine: {'line': b'copying safety_controller/safety_controller.py -> /home/racecar/racecar_ws/src/final_challenge2024/build/safety_controller/build/lib/safety_controller\n'}
[2.535583] (safety_controller) StdoutLine: {'line': b'running install\n'}
[2.536824] (safety_controller) StdoutLine: {'line': b'running install_lib\n'}
[2.538910] (safety_controller) StdoutLine: {'line': b'creating /home/racecar/racecar_ws/src/final_challenge2024/install/safety_controller/lib/python3.8/site-packages/safety_controller\n'}
[2.539640] (safety_controller) StdoutLine: {'line': b'copying /home/racecar/racecar_ws/src/final_challenge2024/build/safety_controller/build/lib/safety_controller/__init__.py -> /home/racecar/racecar_ws/src/final_challenge2024/install/safety_controller/lib/python3.8/site-packages/safety_controller\n'}
[2.541344] (safety_controller) StdoutLine: {'line': b'copying /home/racecar/racecar_ws/src/final_challenge2024/build/safety_controller/build/lib/safety_controller/safety_controller.py -> /home/racecar/racecar_ws/src/final_challenge2024/install/safety_controller/lib/python3.8/site-packages/safety_controller\n'}
[2.544642] (safety_controller) StdoutLine: {'line': b'byte-compiling /home/racecar/racecar_ws/src/final_challenge2024/install/safety_controller/lib/python3.8/site-packages/safety_controller/__init__.py to __init__.cpython-38.pyc\n'}
[2.551653] (safety_controller) StdoutLine: {'line': b'byte-compiling /home/racecar/racecar_ws/src/final_challenge2024/install/safety_controller/lib/python3.8/site-packages/safety_controller/safety_controller.py to safety_controller.cpython-38.pyc\n'}
[2.558743] (safety_controller) StdoutLine: {'line': b'running install_data\n'}
[2.559851] (safety_controller) StdoutLine: {'line': b'creating /home/racecar/racecar_ws/src/final_challenge2024/install/safety_controller/share/ament_index\n'}
[2.560815] (safety_controller) StdoutLine: {'line': b'creating /home/racecar/racecar_ws/src/final_challenge2024/install/safety_controller/share/ament_index/resource_index\n'}
[2.561586] (safety_controller) StdoutLine: {'line': b'creating /home/racecar/racecar_ws/src/final_challenge2024/install/safety_controller/share/ament_index/resource_index/packages\n'}
[2.562416] (safety_controller) StdoutLine: {'line': b'copying resource/safety_controller -> /home/racecar/racecar_ws/src/final_challenge2024/install/safety_controller/share/ament_index/resource_index/packages\n'}
[2.563161] (safety_controller) StdoutLine: {'line': b'copying package.xml -> /home/racecar/racecar_ws/src/final_challenge2024/install/safety_controller/share/safety_controller\n'}
[2.563828] (safety_controller) StdoutLine: {'line': b'running install_egg_info\n'}
[2.567633] (safety_controller) StdoutLine: {'line': b'Copying ../build/safety_controller/safety_controller.egg-info to /home/racecar/racecar_ws/src/final_challenge2024/install/safety_controller/lib/python3.8/site-packages/safety_controller-0.0.0-py3.8.egg-info\n'}
[2.569110] (-) TimerEvent: {}
[2.586068] (safety_controller) StdoutLine: {'line': b'running install_scripts\n'}
[2.616377] (safety_controller) StdoutLine: {'line': b"writing list of installed files to '/home/racecar/racecar_ws/src/final_challenge2024/build/safety_controller/install.log'\n"}
[2.645579] (safety_controller) CommandEnded: {'returncode': 0}
[2.671714] (-) TimerEvent: {}
[2.772785] (-) TimerEvent: {}
[2.836042] (safety_controller) JobEnded: {'identifier': 'safety_controller', 'rc': 0}
[2.844587] (-) EventReactorShutdown: {}
