[0.000000] (-) TimerEvent: {}
[0.002538] (-) JobUnselected: {'identifier': 'point_publisher'}
[0.003399] (-) JobUnselected: {'identifier': 'stop_detector'}
[0.003646] (safety_controller) JobQueued: {'identifier': 'safety_controller', 'dependencies': OrderedDict()}
[0.004155] (state_machine) JobQueued: {'identifier': 'state_machine', 'dependencies': OrderedDict()}
[0.012793] (safety_controller) JobStarted: {'identifier': 'safety_controller'}
[0.100911] (-) TimerEvent: {}
[0.204304] (-) TimerEvent: {}
[0.305309] (-) TimerEvent: {}
[0.407623] (-) TimerEvent: {}
[0.493513] (state_machine) JobStarted: {'identifier': 'state_machine'}
[0.508265] (-) TimerEvent: {}
[0.610800] (-) TimerEvent: {}
[0.715439] (-) TimerEvent: {}
[0.821424] (-) TimerEvent: {}
[0.926870] (-) TimerEvent: {}
[1.034237] (-) TimerEvent: {}
[1.135668] (-) TimerEvent: {}
[1.237397] (-) TimerEvent: {}
[1.338395] (-) TimerEvent: {}
[1.442442] (-) TimerEvent: {}
[1.545933] (-) TimerEvent: {}
[1.647460] (-) TimerEvent: {}
[1.748359] (-) TimerEvent: {}
[1.850406] (-) TimerEvent: {}
[1.951326] (-) TimerEvent: {}
[2.053091] (-) TimerEvent: {}
[2.155395] (-) TimerEvent: {}
[2.256593] (-) TimerEvent: {}
[2.358636] (-) TimerEvent: {}
[2.460375] (-) TimerEvent: {}
[2.565801] (-) TimerEvent: {}
[2.668574] (-) TimerEvent: {}
[2.769819] (-) TimerEvent: {}
[2.871355] (-) TimerEvent: {}
[2.979563] (-) TimerEvent: {}
[3.083374] (-) TimerEvent: {}
[3.184315] (-) TimerEvent: {}
[3.285560] (-) TimerEvent: {}
[3.390775] (-) TimerEvent: {}
[3.498966] (-) TimerEvent: {}
[3.603426] (-) TimerEvent: {}
[3.705524] (-) TimerEvent: {}
[3.806443] (-) TimerEvent: {}
[3.909361] (-) TimerEvent: {}
[4.010376] (-) TimerEvent: {}
[4.113410] (-) TimerEvent: {}
[4.215540] (-) TimerEvent: {}
[4.317440] (-) TimerEvent: {}
[4.420017] (-) TimerEvent: {}
[4.525483] (-) TimerEvent: {}
[4.627588] (-) TimerEvent: {}
[4.729452] (-) TimerEvent: {}
[4.831548] (-) TimerEvent: {}
[4.898446] (safety_controller) Command: {'cmd': ['/usr/bin/python3', 'setup.py', 'develop', '--editable', '--build-directory', '/home/racecar/racecar_ws/src/final_challenge2024/build/safety_controller/build', '--no-deps', 'install_data'], 'cwd': '/home/racecar/racecar_ws/src/final_challenge2024/build/safety_controller', 'env': {'PYTHONIOENCODING': 'utf-8', 'HOSTNAME': '6c212dcd643e', 'SHLVL': '1', 'LD_LIBRARY_PATH': '/home/racecar/racecar_ws/install/vs_msgs/lib:/home/racecar/racecar_ws/install/custom_msgs/lib:/opt/ros/foxy/opt/yaml_cpp_vendor/lib:/opt/ros/foxy/opt/rviz_ogre_vendor/lib:/opt/ros/foxy/lib/x86_64-linux-gnu:/opt/ros/foxy/lib', 'HOME': '/home/racecar', 'OLDPWD': '/home/racecar/racecar_ws', 'ROS_PYTHON_VERSION': '3', 'COLCON_PREFIX_PATH': '/home/racecar/racecar_ws/src/final_challenge2024/install:/home/sim_ws/install:/home/racecar/racecar_ws/install', 'ROS_DISTRO': 'foxy', '_': '/usr/bin/colcon', 'ROS_VERSION': '2', 'TERM': 'xterm', 'ROS_LOCALHOST_ONLY': '0', 'PATH': '/opt/ros/foxy/bin:/usr/local/sbin:/usr/local/bin:/usr/sbin:/usr/bin:/sbin:/bin', 'LANG': 'en_US.UTF-8', 'AMENT_PREFIX_PATH': '/home/racecar/racecar_ws/src/final_challenge2024/install/safety_controller:/home/racecar/racecar_ws/install/wall_follower:/home/racecar/racecar_ws/install/safety_controller:/home/racecar/racecar_ws/install/ros_exercises:/home/racecar/racecar_ws/install/path_planning:/home/racecar/racecar_ws/install/localization:/home/racecar/racecar_ws/install/custom_msgs:/home/sim_ws/install/racecar_simulator:/opt/ros/foxy', 'SIM_WS': '/home/sim_ws', 'PWD': '/home/racecar/racecar_ws/src/final_challenge2024/build/safety_controller', 'PYTHONPATH': '/home/racecar/racecar_ws/src/final_challenge2024/build/safety_controller/prefix_override:/home/racecar/racecar_ws/src/final_challenge2024/install/safety_controller/lib/python3.8/site-packages:/home/racecar/racecar_ws/src/final_challenge2024/build/safety_controller:/home/racecar/racecar_ws/src/final_challenge2024/install/safety_controller/lib/python3.8/site-packages:/home/racecar/racecar_ws/install/wall_follower/lib/python3.8/site-packages:/home/racecar/racecar_ws/install/vs_msgs/lib/python3.8/site-packages:/home/racecar/racecar_ws/build/safety_controller:/home/racecar/racecar_ws/install/safety_controller/lib/python3.8/site-packages:/home/racecar/racecar_ws/install/ros_exercises/lib/python3.8/site-packages:/home/racecar/racecar_ws/build/path_planning:/home/racecar/racecar_ws/install/path_planning/lib/python3.8/site-packages:/home/racecar/racecar_ws/build/localization:/home/racecar/racecar_ws/install/localization/lib/python3.8/site-packages:/home/racecar/racecar_ws/install/custom_msgs/lib/python3.8/site-packages:/opt/ros/foxy/lib/python3.8/site-packages', 'NO_VNC_VERSION': '1.4.0', 'COLCON': '1', 'CMAKE_PREFIX_PATH': '/home/racecar/racecar_ws/install/vs_msgs:/home/racecar/racecar_ws/install/custom_msgs:/home/sim_ws/install/racecar_simulator'}, 'shell': False}
[4.941670] (-) TimerEvent: {}
[5.051359] (-) TimerEvent: {}
[5.085875] (state_machine) Command: {'cmd': ['/usr/bin/python3', 'setup.py', 'develop', '--editable', '--build-directory', '/home/racecar/racecar_ws/src/final_challenge2024/build/state_machine/build', '--no-deps', 'install_data'], 'cwd': '/home/racecar/racecar_ws/src/final_challenge2024/build/state_machine', 'env': {'PYTHONIOENCODING': 'utf-8', 'HOSTNAME': '6c212dcd643e', 'SHLVL': '1', 'LD_LIBRARY_PATH': '/home/racecar/racecar_ws/install/vs_msgs/lib:/home/racecar/racecar_ws/install/custom_msgs/lib:/opt/ros/foxy/opt/yaml_cpp_vendor/lib:/opt/ros/foxy/opt/rviz_ogre_vendor/lib:/opt/ros/foxy/lib/x86_64-linux-gnu:/opt/ros/foxy/lib', 'HOME': '/home/racecar', 'OLDPWD': '/home/racecar/racecar_ws', 'ROS_PYTHON_VERSION': '3', 'COLCON_PREFIX_PATH': '/home/racecar/racecar_ws/src/final_challenge2024/install:/home/sim_ws/install:/home/racecar/racecar_ws/install', 'ROS_DISTRO': 'foxy', '_': '/usr/bin/colcon', 'ROS_VERSION': '2', 'TERM': 'xterm', 'ROS_LOCALHOST_ONLY': '0', 'PATH': '/opt/ros/foxy/bin:/usr/local/sbin:/usr/local/bin:/usr/sbin:/usr/bin:/sbin:/bin', 'LANG': 'en_US.UTF-8', 'AMENT_PREFIX_PATH': '/home/racecar/racecar_ws/src/final_challenge2024/install/safety_controller:/home/racecar/racecar_ws/install/wall_follower:/home/racecar/racecar_ws/install/safety_controller:/home/racecar/racecar_ws/install/ros_exercises:/home/racecar/racecar_ws/install/path_planning:/home/racecar/racecar_ws/install/localization:/home/racecar/racecar_ws/install/custom_msgs:/home/sim_ws/install/racecar_simulator:/opt/ros/foxy', 'SIM_WS': '/home/sim_ws', 'PWD': '/home/racecar/racecar_ws/src/final_challenge2024/build/state_machine', 'PYTHONPATH': '/home/racecar/racecar_ws/src/final_challenge2024/build/state_machine/prefix_override:/home/racecar/racecar_ws/src/final_challenge2024/install/state_machine/lib/python3.8/site-packages:/home/racecar/racecar_ws/src/final_challenge2024/build/safety_controller:/home/racecar/racecar_ws/src/final_challenge2024/install/safety_controller/lib/python3.8/site-packages:/home/racecar/racecar_ws/install/wall_follower/lib/python3.8/site-packages:/home/racecar/racecar_ws/install/vs_msgs/lib/python3.8/site-packages:/home/racecar/racecar_ws/build/safety_controller:/home/racecar/racecar_ws/install/safety_controller/lib/python3.8/site-packages:/home/racecar/racecar_ws/install/ros_exercises/lib/python3.8/site-packages:/home/racecar/racecar_ws/build/path_planning:/home/racecar/racecar_ws/install/path_planning/lib/python3.8/site-packages:/home/racecar/racecar_ws/build/localization:/home/racecar/racecar_ws/install/localization/lib/python3.8/site-packages:/home/racecar/racecar_ws/install/custom_msgs/lib/python3.8/site-packages:/opt/ros/foxy/lib/python3.8/site-packages', 'NO_VNC_VERSION': '1.4.0', 'COLCON': '1', 'CMAKE_PREFIX_PATH': '/home/racecar/racecar_ws/install/vs_msgs:/home/racecar/racecar_ws/install/custom_msgs:/home/sim_ws/install/racecar_simulator'}, 'shell': False}
[5.152589] (-) TimerEvent: {}
[5.254451] (-) TimerEvent: {}
[5.357454] (-) TimerEvent: {}
[5.459658] (-) TimerEvent: {}
[5.561982] (-) TimerEvent: {}
[5.669502] (-) TimerEvent: {}
[5.775429] (-) TimerEvent: {}
[5.885399] (-) TimerEvent: {}
[5.987779] (-) TimerEvent: {}
[6.096378] (-) TimerEvent: {}
[6.198024] (-) TimerEvent: {}
[6.300670] (-) TimerEvent: {}
[6.403425] (-) TimerEvent: {}
[6.515446] (-) TimerEvent: {}
[6.521724] (safety_controller) StdoutLine: {'line': b'running develop\n'}
[6.619389] (-) TimerEvent: {}
[6.639246] (state_machine) StdoutLine: {'line': b'running develop\n'}
[6.720870] (-) TimerEvent: {}
[6.822455] (-) TimerEvent: {}
[6.927648] (-) TimerEvent: {}
[7.035021] (-) TimerEvent: {}
[7.137626] (-) TimerEvent: {}
[7.241523] (-) TimerEvent: {}
[7.314665] (safety_controller) StdoutLine: {'line': b'running egg_info\n'}
[7.316799] (safety_controller) StdoutLine: {'line': b'writing safety_controller.egg-info/PKG-INFO\n'}
[7.318624] (safety_controller) StdoutLine: {'line': b'writing dependency_links to safety_controller.egg-info/dependency_links.txt\n'}
[7.332358] (safety_controller) StdoutLine: {'line': b'writing entry points to safety_controller.egg-info/entry_points.txt\n'}
[7.338203] (safety_controller) StdoutLine: {'line': b'writing requirements to safety_controller.egg-info/requires.txt\n'}
[7.344395] (-) TimerEvent: {}
[7.345412] (safety_controller) StdoutLine: {'line': b'writing top-level names to safety_controller.egg-info/top_level.txt\n'}
[7.424159] (state_machine) StdoutLine: {'line': b'running egg_info\n'}
[7.428589] (state_machine) StdoutLine: {'line': b'creating state_machine.egg-info\n'}
[7.431010] (state_machine) StdoutLine: {'line': b'writing state_machine.egg-info/PKG-INFO\n'}
[7.433265] (state_machine) StdoutLine: {'line': b'writing dependency_links to state_machine.egg-info/dependency_links.txt\n'}
[7.435839] (state_machine) StdoutLine: {'line': b'writing entry points to state_machine.egg-info/entry_points.txt\n'}
[7.438211] (state_machine) StdoutLine: {'line': b'writing requirements to state_machine.egg-info/requires.txt\n'}
[7.457552] (-) TimerEvent: {}
[7.458838] (state_machine) StdoutLine: {'line': b'writing top-level names to state_machine.egg-info/top_level.txt\n'}
[7.474022] (state_machine) StdoutLine: {'line': b"writing manifest file 'state_machine.egg-info/SOURCES.txt'\n"}
[7.478489] (safety_controller) StdoutLine: {'line': b"reading manifest file 'safety_controller.egg-info/SOURCES.txt'\n"}
[7.504592] (safety_controller) StdoutLine: {'line': b"writing manifest file 'safety_controller.egg-info/SOURCES.txt'\n"}
[7.559299] (-) TimerEvent: {}
[7.625928] (state_machine) StdoutLine: {'line': b"reading manifest file 'state_machine.egg-info/SOURCES.txt'\n"}
[7.633276] (state_machine) StdoutLine: {'line': b"writing manifest file 'state_machine.egg-info/SOURCES.txt'\n"}
[7.661455] (-) TimerEvent: {}
[7.733372] (safety_controller) StdoutLine: {'line': b'running build_ext\n'}
[7.736167] (safety_controller) StdoutLine: {'line': b'Creating /home/racecar/racecar_ws/src/final_challenge2024/install/safety_controller/lib/python3.8/site-packages/safety-controller.egg-link (link to .)\n'}
[7.750317] (safety_controller) StdoutLine: {'line': b'Installing safety_controller script to /home/racecar/racecar_ws/src/final_challenge2024/install/safety_controller/lib/safety_controller\n'}
[7.767671] (-) TimerEvent: {}
[7.777030] (safety_controller) StdoutLine: {'line': b'\n'}
[7.798977] (safety_controller) StdoutLine: {'line': b'Installed /home/racecar/racecar_ws/src/final_challenge2024/build/safety_controller\n'}
[7.804943] (safety_controller) StdoutLine: {'line': b'running install_data\n'}
[7.870110] (-) TimerEvent: {}
[7.900699] (safety_controller) CommandEnded: {'returncode': 0}
[7.915530] (state_machine) StdoutLine: {'line': b'running build_ext\n'}
[7.922331] (state_machine) StdoutLine: {'line': b'Creating /home/racecar/racecar_ws/src/final_challenge2024/install/state_machine/lib/python3.8/site-packages/site.py\n'}
[7.945384] (state_machine) StdoutLine: {'line': b'Creating /home/racecar/racecar_ws/src/final_challenge2024/install/state_machine/lib/python3.8/site-packages/state-machine.egg-link (link to .)\n'}
[7.961187] (state_machine) StdoutLine: {'line': b'Installing state_machine script to /home/racecar/racecar_ws/src/final_challenge2024/install/state_machine/lib/state_machine\n'}
[7.968737] (state_machine) StdoutLine: {'line': b'\n'}
[7.984145] (-) TimerEvent: {}
[7.988757] (state_machine) StdoutLine: {'line': b'Installed /home/racecar/racecar_ws/src/final_challenge2024/build/state_machine\n'}
[8.013548] (state_machine) StdoutLine: {'line': b'running install_data\n'}
[8.023472] (state_machine) StdoutLine: {'line': b'creating /home/racecar/racecar_ws/src/final_challenge2024/install/state_machine/share/ament_index\n'}
[8.027770] (state_machine) StdoutLine: {'line': b'creating /home/racecar/racecar_ws/src/final_challenge2024/install/state_machine/share/ament_index/resource_index\n'}
[8.032565] (state_machine) StdoutLine: {'line': b'creating /home/racecar/racecar_ws/src/final_challenge2024/install/state_machine/share/ament_index/resource_index/packages\n'}
[8.045652] (state_machine) StdoutLine: {'line': b'copying resource/state_machine -> /home/racecar/racecar_ws/src/final_challenge2024/install/state_machine/share/ament_index/resource_index/packages\n'}
[8.072699] (state_machine) StdoutLine: {'line': b'copying package.xml -> /home/racecar/racecar_ws/src/final_challenge2024/install/state_machine/share/state_machine\n'}
[8.093840] (-) TimerEvent: {}
[8.206858] (-) TimerEvent: {}
[8.326735] (-) TimerEvent: {}
[8.428395] (-) TimerEvent: {}
[8.531280] (-) TimerEvent: {}
[8.632480] (-) TimerEvent: {}
[8.728536] (safety_controller) JobEnded: {'identifier': 'safety_controller', 'rc': 0}
[8.747758] (-) TimerEvent: {}
[8.748394] (state_machine) CommandEnded: {'returncode': 0}
[8.851305] (-) TimerEvent: {}
[8.960375] (-) TimerEvent: {}
[9.065264] (-) TimerEvent: {}
[9.188413] (-) TimerEvent: {}
[9.290607] (-) TimerEvent: {}
[9.292203] (state_machine) JobEnded: {'identifier': 'state_machine', 'rc': 0}
[9.298511] (-) EventReactorShutdown: {}
