[3.717s] DEBUG:colcon:Command line arguments: ['/usr/bin/colcon', 'build', '--packages-select', 'safety_controller', 'state_machine', '--symlink-install']
[3.720s] DEBUG:colcon:Parsed command line arguments: Namespace(ament_cmake_args=None, base_paths=['.'], build_base='build', catkin_cmake_args=None, catkin_skip_building_tests=False, cmake_args=None, cmake_clean_cache=False, cmake_clean_first=False, cmake_force_configure=False, cmake_target=None, cmake_target_skip_unavailable=False, continue_on_error=False, event_handlers=None, executor='parallel', ignore_user_meta=False, install_base='install', log_base=None, log_level=None, main=<bound method BuildVerb.main of <colcon_core.verb.build.BuildVerb object at 0x7ffffeb10430>>, merge_install=False, metas=['./colcon.meta'], packages_above=None, packages_above_and_dependencies=None, packages_above_depth=None, packages_end=None, packages_ignore=None, packages_ignore_regex=None, packages_select=['safety_controller', 'state_machine'], packages_select_build_failed=False, packages_select_by_dep=None, packages_select_regex=None, packages_select_test_failures=False, packages_skip=None, packages_skip_build_finished=False, packages_skip_by_dep=None, packages_skip_regex=None, packages_skip_test_passed=False, packages_skip_up_to=None, packages_start=None, packages_up_to=None, packages_up_to_regex=None, parallel_workers=8, paths=None, symlink_install=True, test_result_base=None, verb_extension=<colcon_core.verb.build.BuildVerb object at 0x7ffffeb10430>, verb_name='build', verb_parser=<colcon_defaults.argument_parser.defaults.DefaultArgumentsDecorator object at 0x7ffffe745f10>)
[4.019s] Level 1:colcon.colcon_core.package_discovery:discover_packages(colcon_meta) check parameters
[4.027s] Level 1:colcon.colcon_core.package_discovery:discover_packages(recursive) check parameters
[4.029s] Level 1:colcon.colcon_core.package_discovery:discover_packages(ignore) check parameters
[4.030s] Level 1:colcon.colcon_core.package_discovery:discover_packages(path) check parameters
[4.030s] Level 1:colcon.colcon_core.package_discovery:discover_packages(colcon_meta) discover
[4.033s] Level 1:colcon.colcon_core.package_discovery:discover_packages(recursive) discover
[4.033s] INFO:colcon.colcon_core.package_discovery:Crawling recursively for packages in '/home/racecar/racecar_ws/src/final_challenge2024'
[4.039s] Level 1:colcon.colcon_core.package_identification:_identify(.) by extensions ['ignore', 'ignore_ament_install']
[4.040s] Level 1:colcon.colcon_core.package_identification:_identify(.) by extension 'ignore'
[4.042s] Level 1:colcon.colcon_core.package_identification:_identify(.) by extension 'ignore_ament_install'
[4.043s] Level 1:colcon.colcon_core.package_identification:_identify(.) by extensions ['colcon_pkg']
[4.044s] Level 1:colcon.colcon_core.package_identification:_identify(.) by extension 'colcon_pkg'
[4.045s] Level 1:colcon.colcon_core.package_identification:_identify(.) by extensions ['colcon_meta']
[4.046s] Level 1:colcon.colcon_core.package_identification:_identify(.) by extension 'colcon_meta'
[4.046s] Level 1:colcon.colcon_core.package_identification:_identify(.) by extensions ['ros']
[4.047s] Level 1:colcon.colcon_core.package_identification:_identify(.) by extension 'ros'
[4.089s] Level 1:colcon.colcon_core.package_identification:_identify(.) by extensions ['cmake', 'python']
[4.090s] Level 1:colcon.colcon_core.package_identification:_identify(.) by extension 'cmake'
[4.091s] Level 1:colcon.colcon_core.package_identification:_identify(.) by extension 'python'
[4.093s] Level 1:colcon.colcon_core.package_identification:_identify(.) by extensions ['python_setup_py']
[4.094s] Level 1:colcon.colcon_core.package_identification:_identify(.) by extension 'python_setup_py'
[4.096s] Level 1:colcon.colcon_core.package_identification:_identify(build) by extensions ['ignore', 'ignore_ament_install']
[4.097s] Level 1:colcon.colcon_core.package_identification:_identify(build) by extension 'ignore'
[4.097s] Level 1:colcon.colcon_core.package_identification:_identify(build) ignored
[4.099s] Level 1:colcon.colcon_core.package_identification:_identify(install) by extensions ['ignore', 'ignore_ament_install']
[4.100s] Level 1:colcon.colcon_core.package_identification:_identify(install) by extension 'ignore'
[4.100s] Level 1:colcon.colcon_core.package_identification:_identify(install) ignored
[4.102s] Level 1:colcon.colcon_core.package_identification:_identify(log) by extensions ['ignore', 'ignore_ament_install']
[4.103s] Level 1:colcon.colcon_core.package_identification:_identify(log) by extension 'ignore'
[4.103s] Level 1:colcon.colcon_core.package_identification:_identify(log) ignored
[4.105s] Level 1:colcon.colcon_core.package_identification:_identify(media) by extensions ['ignore', 'ignore_ament_install']
[4.105s] Level 1:colcon.colcon_core.package_identification:_identify(media) by extension 'ignore'
[4.106s] Level 1:colcon.colcon_core.package_identification:_identify(media) by extension 'ignore_ament_install'
[4.106s] Level 1:colcon.colcon_core.package_identification:_identify(media) by extensions ['colcon_pkg']
[4.107s] Level 1:colcon.colcon_core.package_identification:_identify(media) by extension 'colcon_pkg'
[4.107s] Level 1:colcon.colcon_core.package_identification:_identify(media) by extensions ['colcon_meta']
[4.108s] Level 1:colcon.colcon_core.package_identification:_identify(media) by extension 'colcon_meta'
[4.108s] Level 1:colcon.colcon_core.package_identification:_identify(media) by extensions ['ros']
[4.109s] Level 1:colcon.colcon_core.package_identification:_identify(media) by extension 'ros'
[4.110s] Level 1:colcon.colcon_core.package_identification:_identify(media) by extensions ['cmake', 'python']
[4.110s] Level 1:colcon.colcon_core.package_identification:_identify(media) by extension 'cmake'
[4.111s] Level 1:colcon.colcon_core.package_identification:_identify(media) by extension 'python'
[4.112s] Level 1:colcon.colcon_core.package_identification:_identify(media) by extensions ['python_setup_py']
[4.112s] Level 1:colcon.colcon_core.package_identification:_identify(media) by extension 'python_setup_py'
[4.118s] Level 1:colcon.colcon_core.package_identification:_identify(point_publisher) by extensions ['ignore', 'ignore_ament_install']
[4.119s] Level 1:colcon.colcon_core.package_identification:_identify(point_publisher) by extension 'ignore'
[4.119s] Level 1:colcon.colcon_core.package_identification:_identify(point_publisher) by extension 'ignore_ament_install'
[4.119s] Level 1:colcon.colcon_core.package_identification:_identify(point_publisher) by extensions ['colcon_pkg']
[4.120s] Level 1:colcon.colcon_core.package_identification:_identify(point_publisher) by extension 'colcon_pkg'
[4.120s] Level 1:colcon.colcon_core.package_identification:_identify(point_publisher) by extensions ['colcon_meta']
[4.121s] Level 1:colcon.colcon_core.package_identification:_identify(point_publisher) by extension 'colcon_meta'
[4.121s] Level 1:colcon.colcon_core.package_identification:_identify(point_publisher) by extensions ['ros']
[4.123s] Level 1:colcon.colcon_core.package_identification:_identify(point_publisher) by extension 'ros'
[4.137s] DEBUG:colcon.colcon_core.package_identification:Package 'point_publisher' with type 'ros.ament_python' and name 'point_publisher'
[4.139s] Level 1:colcon.colcon_core.package_identification:_identify(racetrack_images) by extensions ['ignore', 'ignore_ament_install']
[4.140s] Level 1:colcon.colcon_core.package_identification:_identify(racetrack_images) by extension 'ignore'
[4.140s] Level 1:colcon.colcon_core.package_identification:_identify(racetrack_images) by extension 'ignore_ament_install'
[4.141s] Level 1:colcon.colcon_core.package_identification:_identify(racetrack_images) by extensions ['colcon_pkg']
[4.141s] Level 1:colcon.colcon_core.package_identification:_identify(racetrack_images) by extension 'colcon_pkg'
[4.142s] Level 1:colcon.colcon_core.package_identification:_identify(racetrack_images) by extensions ['colcon_meta']
[4.142s] Level 1:colcon.colcon_core.package_identification:_identify(racetrack_images) by extension 'colcon_meta'
[4.143s] Level 1:colcon.colcon_core.package_identification:_identify(racetrack_images) by extensions ['ros']
[4.151s] Level 1:colcon.colcon_core.package_identification:_identify(racetrack_images) by extension 'ros'
[4.154s] Level 1:colcon.colcon_core.package_identification:_identify(racetrack_images) by extensions ['cmake', 'python']
[4.154s] Level 1:colcon.colcon_core.package_identification:_identify(racetrack_images) by extension 'cmake'
[4.155s] Level 1:colcon.colcon_core.package_identification:_identify(racetrack_images) by extension 'python'
[4.155s] Level 1:colcon.colcon_core.package_identification:_identify(racetrack_images) by extensions ['python_setup_py']
[4.156s] Level 1:colcon.colcon_core.package_identification:_identify(racetrack_images) by extension 'python_setup_py'
[4.158s] Level 1:colcon.colcon_core.package_identification:_identify(racetrack_images/lane_1) by extensions ['ignore', 'ignore_ament_install']
[4.158s] Level 1:colcon.colcon_core.package_identification:_identify(racetrack_images/lane_1) by extension 'ignore'
[4.159s] Level 1:colcon.colcon_core.package_identification:_identify(racetrack_images/lane_1) by extension 'ignore_ament_install'
[4.160s] Level 1:colcon.colcon_core.package_identification:_identify(racetrack_images/lane_1) by extensions ['colcon_pkg']
[4.161s] Level 1:colcon.colcon_core.package_identification:_identify(racetrack_images/lane_1) by extension 'colcon_pkg'
[4.163s] Level 1:colcon.colcon_core.package_identification:_identify(racetrack_images/lane_1) by extensions ['colcon_meta']
[4.167s] Level 1:colcon.colcon_core.package_identification:_identify(racetrack_images/lane_1) by extension 'colcon_meta'
[4.168s] Level 1:colcon.colcon_core.package_identification:_identify(racetrack_images/lane_1) by extensions ['ros']
[4.168s] Level 1:colcon.colcon_core.package_identification:_identify(racetrack_images/lane_1) by extension 'ros'
[4.169s] Level 1:colcon.colcon_core.package_identification:_identify(racetrack_images/lane_1) by extensions ['cmake', 'python']
[4.169s] Level 1:colcon.colcon_core.package_identification:_identify(racetrack_images/lane_1) by extension 'cmake'
[4.170s] Level 1:colcon.colcon_core.package_identification:_identify(racetrack_images/lane_1) by extension 'python'
[4.170s] Level 1:colcon.colcon_core.package_identification:_identify(racetrack_images/lane_1) by extensions ['python_setup_py']
[4.171s] Level 1:colcon.colcon_core.package_identification:_identify(racetrack_images/lane_1) by extension 'python_setup_py'
[4.173s] Level 1:colcon.colcon_core.package_identification:_identify(racetrack_images/lane_3) by extensions ['ignore', 'ignore_ament_install']
[4.174s] Level 1:colcon.colcon_core.package_identification:_identify(racetrack_images/lane_3) by extension 'ignore'
[4.174s] Level 1:colcon.colcon_core.package_identification:_identify(racetrack_images/lane_3) by extension 'ignore_ament_install'
[4.174s] Level 1:colcon.colcon_core.package_identification:_identify(racetrack_images/lane_3) by extensions ['colcon_pkg']
[4.179s] Level 1:colcon.colcon_core.package_identification:_identify(racetrack_images/lane_3) by extension 'colcon_pkg'
[4.181s] Level 1:colcon.colcon_core.package_identification:_identify(racetrack_images/lane_3) by extensions ['colcon_meta']
[4.181s] Level 1:colcon.colcon_core.package_identification:_identify(racetrack_images/lane_3) by extension 'colcon_meta'
[4.182s] Level 1:colcon.colcon_core.package_identification:_identify(racetrack_images/lane_3) by extensions ['ros']
[4.184s] Level 1:colcon.colcon_core.package_identification:_identify(racetrack_images/lane_3) by extension 'ros'
[4.186s] Level 1:colcon.colcon_core.package_identification:_identify(racetrack_images/lane_3) by extensions ['cmake', 'python']
[4.186s] Level 1:colcon.colcon_core.package_identification:_identify(racetrack_images/lane_3) by extension 'cmake'
[4.186s] Level 1:colcon.colcon_core.package_identification:_identify(racetrack_images/lane_3) by extension 'python'
[4.187s] Level 1:colcon.colcon_core.package_identification:_identify(racetrack_images/lane_3) by extensions ['python_setup_py']
[4.190s] Level 1:colcon.colcon_core.package_identification:_identify(racetrack_images/lane_3) by extension 'python_setup_py'
[4.192s] Level 1:colcon.colcon_core.package_identification:_identify(racetrack_images/lane_6) by extensions ['ignore', 'ignore_ament_install']
[4.192s] Level 1:colcon.colcon_core.package_identification:_identify(racetrack_images/lane_6) by extension 'ignore'
[4.193s] Level 1:colcon.colcon_core.package_identification:_identify(racetrack_images/lane_6) by extension 'ignore_ament_install'
[4.193s] Level 1:colcon.colcon_core.package_identification:_identify(racetrack_images/lane_6) by extensions ['colcon_pkg']
[4.194s] Level 1:colcon.colcon_core.package_identification:_identify(racetrack_images/lane_6) by extension 'colcon_pkg'
[4.194s] Level 1:colcon.colcon_core.package_identification:_identify(racetrack_images/lane_6) by extensions ['colcon_meta']
[4.194s] Level 1:colcon.colcon_core.package_identification:_identify(racetrack_images/lane_6) by extension 'colcon_meta'
[4.194s] Level 1:colcon.colcon_core.package_identification:_identify(racetrack_images/lane_6) by extensions ['ros']
[4.195s] Level 1:colcon.colcon_core.package_identification:_identify(racetrack_images/lane_6) by extension 'ros'
[4.196s] Level 1:colcon.colcon_core.package_identification:_identify(racetrack_images/lane_6) by extensions ['cmake', 'python']
[4.196s] Level 1:colcon.colcon_core.package_identification:_identify(racetrack_images/lane_6) by extension 'cmake'
[4.197s] Level 1:colcon.colcon_core.package_identification:_identify(racetrack_images/lane_6) by extension 'python'
[4.197s] Level 1:colcon.colcon_core.package_identification:_identify(racetrack_images/lane_6) by extensions ['python_setup_py']
[4.197s] Level 1:colcon.colcon_core.package_identification:_identify(racetrack_images/lane_6) by extension 'python_setup_py'
[4.199s] Level 1:colcon.colcon_core.package_identification:_identify(safety_controller) by extensions ['ignore', 'ignore_ament_install']
[4.199s] Level 1:colcon.colcon_core.package_identification:_identify(safety_controller) by extension 'ignore'
[4.199s] Level 1:colcon.colcon_core.package_identification:_identify(safety_controller) by extension 'ignore_ament_install'
[4.200s] Level 1:colcon.colcon_core.package_identification:_identify(safety_controller) by extensions ['colcon_pkg']
[4.200s] Level 1:colcon.colcon_core.package_identification:_identify(safety_controller) by extension 'colcon_pkg'
[4.200s] Level 1:colcon.colcon_core.package_identification:_identify(safety_controller) by extensions ['colcon_meta']
[4.200s] Level 1:colcon.colcon_core.package_identification:_identify(safety_controller) by extension 'colcon_meta'
[4.201s] Level 1:colcon.colcon_core.package_identification:_identify(safety_controller) by extensions ['ros']
[4.201s] Level 1:colcon.colcon_core.package_identification:_identify(safety_controller) by extension 'ros'
[4.203s] DEBUG:colcon.colcon_core.package_identification:Package 'safety_controller' with type 'ros.ament_python' and name 'safety_controller'
[4.204s] Level 1:colcon.colcon_core.package_identification:_identify(state_machine) by extensions ['ignore', 'ignore_ament_install']
[4.204s] Level 1:colcon.colcon_core.package_identification:_identify(state_machine) by extension 'ignore'
[4.205s] Level 1:colcon.colcon_core.package_identification:_identify(state_machine) by extension 'ignore_ament_install'
[4.206s] Level 1:colcon.colcon_core.package_identification:_identify(state_machine) by extensions ['colcon_pkg']
[4.206s] Level 1:colcon.colcon_core.package_identification:_identify(state_machine) by extension 'colcon_pkg'
[4.211s] Level 1:colcon.colcon_core.package_identification:_identify(state_machine) by extensions ['colcon_meta']
[4.211s] Level 1:colcon.colcon_core.package_identification:_identify(state_machine) by extension 'colcon_meta'
[4.212s] Level 1:colcon.colcon_core.package_identification:_identify(state_machine) by extensions ['ros']
[4.214s] Level 1:colcon.colcon_core.package_identification:_identify(state_machine) by extension 'ros'
[4.217s] DEBUG:colcon.colcon_core.package_identification:Package 'state_machine' with type 'ros.ament_python' and name 'state_machine'
[4.218s] Level 1:colcon.colcon_core.package_identification:_identify(stop_detector) by extensions ['ignore', 'ignore_ament_install']
[4.219s] Level 1:colcon.colcon_core.package_identification:_identify(stop_detector) by extension 'ignore'
[4.219s] Level 1:colcon.colcon_core.package_identification:_identify(stop_detector) by extension 'ignore_ament_install'
[4.220s] Level 1:colcon.colcon_core.package_identification:_identify(stop_detector) by extensions ['colcon_pkg']
[4.220s] Level 1:colcon.colcon_core.package_identification:_identify(stop_detector) by extension 'colcon_pkg'
[4.220s] Level 1:colcon.colcon_core.package_identification:_identify(stop_detector) by extensions ['colcon_meta']
[4.220s] Level 1:colcon.colcon_core.package_identification:_identify(stop_detector) by extension 'colcon_meta'
[4.221s] Level 1:colcon.colcon_core.package_identification:_identify(stop_detector) by extensions ['ros']
[4.221s] Level 1:colcon.colcon_core.package_identification:_identify(stop_detector) by extension 'ros'
[4.222s] DEBUG:colcon.colcon_core.package_identification:Package 'stop_detector' with type 'ros.ament_python' and name 'stop_detector'
[4.223s] Level 1:colcon.colcon_core.package_discovery:discover_packages(recursive) using defaults
[4.223s] Level 1:colcon.colcon_core.package_discovery:discover_packages(ignore) discover
[4.223s] Level 1:colcon.colcon_core.package_discovery:discover_packages(ignore) using defaults
[4.223s] Level 1:colcon.colcon_core.package_discovery:discover_packages(path) discover
[4.224s] Level 1:colcon.colcon_core.package_discovery:discover_packages(path) using defaults
[4.468s] INFO:colcon.colcon_core.package_selection:Skipping not selected package 'point_publisher' in 'point_publisher'
[4.468s] INFO:colcon.colcon_core.package_selection:Skipping not selected package 'stop_detector' in 'stop_detector'
[4.530s] Level 5:colcon.colcon_core.verb:set package 'safety_controller' build argument 'cmake_args' from command line to 'None'
[4.531s] Level 5:colcon.colcon_core.verb:set package 'safety_controller' build argument 'cmake_target' from command line to 'None'
[4.532s] Level 5:colcon.colcon_core.verb:set package 'safety_controller' build argument 'cmake_target_skip_unavailable' from command line to 'False'
[4.532s] Level 5:colcon.colcon_core.verb:set package 'safety_controller' build argument 'cmake_clean_cache' from command line to 'False'
[4.534s] Level 5:colcon.colcon_core.verb:set package 'safety_controller' build argument 'cmake_clean_first' from command line to 'False'
[4.534s] Level 5:colcon.colcon_core.verb:set package 'safety_controller' build argument 'cmake_force_configure' from command line to 'False'
[4.534s] Level 5:colcon.colcon_core.verb:set package 'safety_controller' build argument 'ament_cmake_args' from command line to 'None'
[4.535s] Level 5:colcon.colcon_core.verb:set package 'safety_controller' build argument 'catkin_cmake_args' from command line to 'None'
[4.535s] Level 5:colcon.colcon_core.verb:set package 'safety_controller' build argument 'catkin_skip_building_tests' from command line to 'False'
[4.535s] DEBUG:colcon.colcon_core.verb:Building package 'safety_controller' with the following arguments: {'ament_cmake_args': None, 'build_base': '/home/racecar/racecar_ws/src/final_challenge2024/build/safety_controller', 'catkin_cmake_args': None, 'catkin_skip_building_tests': False, 'cmake_args': None, 'cmake_clean_cache': False, 'cmake_clean_first': False, 'cmake_force_configure': False, 'cmake_target': None, 'cmake_target_skip_unavailable': False, 'install_base': '/home/racecar/racecar_ws/src/final_challenge2024/install/safety_controller', 'merge_install': False, 'path': '/home/racecar/racecar_ws/src/final_challenge2024/safety_controller', 'symlink_install': True, 'test_result_base': None}
[4.595s] Level 5:colcon.colcon_core.verb:set package 'state_machine' build argument 'cmake_args' from command line to 'None'
[4.597s] Level 5:colcon.colcon_core.verb:set package 'state_machine' build argument 'cmake_target' from command line to 'None'
[4.597s] Level 5:colcon.colcon_core.verb:set package 'state_machine' build argument 'cmake_target_skip_unavailable' from command line to 'False'
[4.598s] Level 5:colcon.colcon_core.verb:set package 'state_machine' build argument 'cmake_clean_cache' from command line to 'False'
[4.599s] Level 5:colcon.colcon_core.verb:set package 'state_machine' build argument 'cmake_clean_first' from command line to 'False'
[4.600s] Level 5:colcon.colcon_core.verb:set package 'state_machine' build argument 'cmake_force_configure' from command line to 'False'
[4.600s] Level 5:colcon.colcon_core.verb:set package 'state_machine' build argument 'ament_cmake_args' from command line to 'None'
[4.600s] Level 5:colcon.colcon_core.verb:set package 'state_machine' build argument 'catkin_cmake_args' from command line to 'None'
[4.600s] Level 5:colcon.colcon_core.verb:set package 'state_machine' build argument 'catkin_skip_building_tests' from command line to 'False'
[4.601s] DEBUG:colcon.colcon_core.verb:Building package 'state_machine' with the following arguments: {'ament_cmake_args': None, 'build_base': '/home/racecar/racecar_ws/src/final_challenge2024/build/state_machine', 'catkin_cmake_args': None, 'catkin_skip_building_tests': False, 'cmake_args': None, 'cmake_clean_cache': False, 'cmake_clean_first': False, 'cmake_force_configure': False, 'cmake_target': None, 'cmake_target_skip_unavailable': False, 'install_base': '/home/racecar/racecar_ws/src/final_challenge2024/install/state_machine', 'merge_install': False, 'path': '/home/racecar/racecar_ws/src/final_challenge2024/state_machine', 'symlink_install': True, 'test_result_base': None}
[4.657s] INFO:colcon.colcon_core.executor:Executing jobs using 'parallel' executor
[4.724s] DEBUG:colcon.colcon_parallel_executor.executor.parallel:run_until_complete
[4.731s] INFO:colcon.colcon_ros.task.ament_python.build:Building ROS package in '/home/racecar/racecar_ws/src/final_challenge2024/safety_controller' with build type 'ament_python'
[4.732s] Level 1:colcon.colcon_core.shell:create_environment_hook('safety_controller', 'ament_prefix_path')
[4.792s] INFO:colcon.colcon_core.plugin_system:Skipping extension 'colcon_core.shell.bat': Not used on non-Windows systems
[4.792s] INFO:colcon.colcon_core.shell:Creating environment hook '/home/racecar/racecar_ws/src/final_challenge2024/install/safety_controller/share/safety_controller/hook/ament_prefix_path.ps1'
[4.796s] INFO:colcon.colcon_core.shell:Creating environment descriptor '/home/racecar/racecar_ws/src/final_challenge2024/install/safety_controller/share/safety_controller/hook/ament_prefix_path.dsv'
[4.798s] INFO:colcon.colcon_core.shell:Creating environment hook '/home/racecar/racecar_ws/src/final_challenge2024/install/safety_controller/share/safety_controller/hook/ament_prefix_path.sh'
[4.850s] INFO:colcon.colcon_core.shell:Skip shell extension 'powershell' for command environment: Not usable outside of PowerShell
[4.851s] DEBUG:colcon.colcon_core.shell:Skip shell extension 'dsv' for command environment
[5.212s] INFO:colcon.colcon_ros.task.ament_python.build:Building ROS package in '/home/racecar/racecar_ws/src/final_challenge2024/state_machine' with build type 'ament_python'
[5.213s] Level 1:colcon.colcon_core.shell:create_environment_hook('state_machine', 'ament_prefix_path')
[5.286s] INFO:colcon.colcon_core.shell:Creating environment hook '/home/racecar/racecar_ws/src/final_challenge2024/install/state_machine/share/state_machine/hook/ament_prefix_path.ps1'
[5.290s] INFO:colcon.colcon_core.shell:Creating environment descriptor '/home/racecar/racecar_ws/src/final_challenge2024/install/state_machine/share/state_machine/hook/ament_prefix_path.dsv'
[5.292s] INFO:colcon.colcon_core.shell:Creating environment hook '/home/racecar/racecar_ws/src/final_challenge2024/install/state_machine/share/state_machine/hook/ament_prefix_path.sh'
[5.379s] INFO:colcon.colcon_core.shell:Skip shell extension 'powershell' for command environment: Not usable outside of PowerShell
[5.382s] DEBUG:colcon.colcon_core.shell:Skip shell extension 'dsv' for command environment
[6.549s] INFO:colcon.colcon_core.task.python.build:Building Python package in '/home/racecar/racecar_ws/src/final_challenge2024/safety_controller'
[6.605s] INFO:colcon.colcon_core.shell:Skip shell extension 'powershell' for command environment: Not usable outside of PowerShell
[6.610s] DEBUG:colcon.colcon_core.shell:Skip shell extension 'dsv' for command environment
[7.631s] INFO:colcon.colcon_core.task.python.build:Building Python package in '/home/racecar/racecar_ws/src/final_challenge2024/state_machine'
[7.698s] INFO:colcon.colcon_core.shell:Skip shell extension 'powershell' for command environment: Not usable outside of PowerShell
[7.699s] DEBUG:colcon.colcon_core.shell:Skip shell extension 'dsv' for command environment
[9.656s] DEBUG:colcon.colcon_core.event_handler.log_command:Invoking command in '/home/racecar/racecar_ws/src/final_challenge2024/build/safety_controller': PYTHONPATH=/home/racecar/racecar_ws/src/final_challenge2024/build/safety_controller/prefix_override:/home/racecar/racecar_ws/src/final_challenge2024/install/safety_controller/lib/python3.8/site-packages:${PYTHONPATH} /usr/bin/python3 setup.py develop --editable --build-directory /home/racecar/racecar_ws/src/final_challenge2024/build/safety_controller/build --no-deps install_data
[9.826s] DEBUG:colcon.colcon_core.event_handler.log_command:Invoking command in '/home/racecar/racecar_ws/src/final_challenge2024/build/state_machine': PYTHONPATH=/home/racecar/racecar_ws/src/final_challenge2024/build/state_machine/prefix_override:/home/racecar/racecar_ws/src/final_challenge2024/install/state_machine/lib/python3.8/site-packages:${PYTHONPATH} /usr/bin/python3 setup.py develop --editable --build-directory /home/racecar/racecar_ws/src/final_challenge2024/build/state_machine/build --no-deps install_data
[12.618s] Level 1:colcon.colcon_core.shell:create_environment_hook('safety_controller', 'pythonpath_develop')
[12.630s] DEBUG:colcon.colcon_core.event_handler.log_command:Invoked command in '/home/racecar/racecar_ws/src/final_challenge2024/build/safety_controller' returned '0': PYTHONPATH=/home/racecar/racecar_ws/src/final_challenge2024/build/safety_controller/prefix_override:/home/racecar/racecar_ws/src/final_challenge2024/install/safety_controller/lib/python3.8/site-packages:${PYTHONPATH} /usr/bin/python3 setup.py develop --editable --build-directory /home/racecar/racecar_ws/src/final_challenge2024/build/safety_controller/build --no-deps install_data
[12.832s] INFO:colcon.colcon_core.shell:Creating environment hook '/home/racecar/racecar_ws/src/final_challenge2024/build/safety_controller/share/safety_controller/hook/pythonpath_develop.ps1'
[12.847s] INFO:colcon.colcon_core.shell:Creating environment descriptor '/home/racecar/racecar_ws/src/final_challenge2024/build/safety_controller/share/safety_controller/hook/pythonpath_develop.dsv'
[12.850s] INFO:colcon.colcon_core.shell:Creating environment hook '/home/racecar/racecar_ws/src/final_challenge2024/build/safety_controller/share/safety_controller/hook/pythonpath_develop.sh'
[13.042s] Level 1:colcon.colcon_core.environment:checking '/home/racecar/racecar_ws/src/final_challenge2024/install/safety_controller' for CMake module files
[13.050s] Level 1:colcon.colcon_core.environment:checking '/home/racecar/racecar_ws/src/final_challenge2024/install/safety_controller' for CMake config files
[13.092s] Level 1:colcon.colcon_core.environment:checking '/home/racecar/racecar_ws/src/final_challenge2024/install/safety_controller/lib'
[13.098s] Level 1:colcon.colcon_core.environment:checking '/home/racecar/racecar_ws/src/final_challenge2024/install/safety_controller/bin'
[13.099s] Level 1:colcon.colcon_core.environment:checking '/home/racecar/racecar_ws/src/final_challenge2024/install/safety_controller/lib/pkgconfig/safety_controller.pc'
[13.101s] Level 1:colcon.colcon_core.environment:checking '/home/racecar/racecar_ws/src/final_challenge2024/install/safety_controller/lib/python3.8/site-packages'
[13.101s] Level 1:colcon.colcon_core.shell:create_environment_hook('safety_controller', 'pythonpath')
[13.233s] INFO:colcon.colcon_core.shell:Creating environment hook '/home/racecar/racecar_ws/src/final_challenge2024/install/safety_controller/share/safety_controller/hook/pythonpath.ps1'
[13.238s] INFO:colcon.colcon_core.shell:Creating environment descriptor '/home/racecar/racecar_ws/src/final_challenge2024/install/safety_controller/share/safety_controller/hook/pythonpath.dsv'
[13.241s] INFO:colcon.colcon_core.shell:Creating environment hook '/home/racecar/racecar_ws/src/final_challenge2024/install/safety_controller/share/safety_controller/hook/pythonpath.sh'
[13.246s] Level 1:colcon.colcon_core.environment:checking '/home/racecar/racecar_ws/src/final_challenge2024/install/safety_controller/bin'
[13.248s] Level 1:colcon.colcon_core.environment:create_environment_scripts_only(safety_controller)
[13.417s] INFO:colcon.colcon_core.shell:Creating package script '/home/racecar/racecar_ws/src/final_challenge2024/install/safety_controller/share/safety_controller/package.ps1'
[13.423s] INFO:colcon.colcon_core.shell:Creating package descriptor '/home/racecar/racecar_ws/src/final_challenge2024/install/safety_controller/share/safety_controller/package.dsv'
[13.431s] INFO:colcon.colcon_core.shell:Creating package script '/home/racecar/racecar_ws/src/final_challenge2024/install/safety_controller/share/safety_controller/package.sh'
[13.435s] INFO:colcon.colcon_core.shell:Creating package script '/home/racecar/racecar_ws/src/final_challenge2024/install/safety_controller/share/safety_controller/package.bash'
[13.440s] INFO:colcon.colcon_core.shell:Creating package script '/home/racecar/racecar_ws/src/final_challenge2024/install/safety_controller/share/safety_controller/package.zsh'
[13.444s] Level 1:colcon.colcon_core.environment:create_file_with_runtime_dependencies(/home/racecar/racecar_ws/src/final_challenge2024/install/safety_controller/share/colcon-core/packages/safety_controller)
[13.448s] Level 1:colcon.colcon_core.shell:create_environment_hook('state_machine', 'pythonpath_develop')
[13.470s] DEBUG:colcon.colcon_core.event_handler.log_command:Invoked command in '/home/racecar/racecar_ws/src/final_challenge2024/build/state_machine' returned '0': PYTHONPATH=/home/racecar/racecar_ws/src/final_challenge2024/build/state_machine/prefix_override:/home/racecar/racecar_ws/src/final_challenge2024/install/state_machine/lib/python3.8/site-packages:${PYTHONPATH} /usr/bin/python3 setup.py develop --editable --build-directory /home/racecar/racecar_ws/src/final_challenge2024/build/state_machine/build --no-deps install_data
[13.570s] INFO:colcon.colcon_core.shell:Creating environment hook '/home/racecar/racecar_ws/src/final_challenge2024/build/state_machine/share/state_machine/hook/pythonpath_develop.ps1'
[13.585s] INFO:colcon.colcon_core.shell:Creating environment descriptor '/home/racecar/racecar_ws/src/final_challenge2024/build/state_machine/share/state_machine/hook/pythonpath_develop.dsv'
[13.588s] INFO:colcon.colcon_core.shell:Creating environment hook '/home/racecar/racecar_ws/src/final_challenge2024/build/state_machine/share/state_machine/hook/pythonpath_develop.sh'
[13.698s] Level 1:colcon.colcon_core.environment:checking '/home/racecar/racecar_ws/src/final_challenge2024/install/state_machine' for CMake module files
[13.715s] Level 1:colcon.colcon_core.environment:checking '/home/racecar/racecar_ws/src/final_challenge2024/install/state_machine' for CMake config files
[13.726s] Level 1:colcon.colcon_core.environment:checking '/home/racecar/racecar_ws/src/final_challenge2024/install/state_machine/lib'
[13.727s] Level 1:colcon.colcon_core.environment:checking '/home/racecar/racecar_ws/src/final_challenge2024/install/state_machine/bin'
[13.728s] Level 1:colcon.colcon_core.environment:checking '/home/racecar/racecar_ws/src/final_challenge2024/install/state_machine/lib/pkgconfig/state_machine.pc'
[13.729s] Level 1:colcon.colcon_core.environment:checking '/home/racecar/racecar_ws/src/final_challenge2024/install/state_machine/lib/python3.8/site-packages'
[13.730s] Level 1:colcon.colcon_core.shell:create_environment_hook('state_machine', 'pythonpath')
[13.825s] INFO:colcon.colcon_core.shell:Creating environment hook '/home/racecar/racecar_ws/src/final_challenge2024/install/state_machine/share/state_machine/hook/pythonpath.ps1'
[13.836s] INFO:colcon.colcon_core.shell:Creating environment descriptor '/home/racecar/racecar_ws/src/final_challenge2024/install/state_machine/share/state_machine/hook/pythonpath.dsv'
[13.842s] INFO:colcon.colcon_core.shell:Creating environment hook '/home/racecar/racecar_ws/src/final_challenge2024/install/state_machine/share/state_machine/hook/pythonpath.sh'
[13.846s] Level 1:colcon.colcon_core.environment:checking '/home/racecar/racecar_ws/src/final_challenge2024/install/state_machine/bin'
[13.846s] Level 1:colcon.colcon_core.environment:create_environment_scripts_only(state_machine)
[13.980s] INFO:colcon.colcon_core.shell:Creating package script '/home/racecar/racecar_ws/src/final_challenge2024/install/state_machine/share/state_machine/package.ps1'
[13.984s] INFO:colcon.colcon_core.shell:Creating package descriptor '/home/racecar/racecar_ws/src/final_challenge2024/install/state_machine/share/state_machine/package.dsv'
[13.989s] INFO:colcon.colcon_core.shell:Creating package script '/home/racecar/racecar_ws/src/final_challenge2024/install/state_machine/share/state_machine/package.sh'
[13.999s] INFO:colcon.colcon_core.shell:Creating package script '/home/racecar/racecar_ws/src/final_challenge2024/install/state_machine/share/state_machine/package.bash'
[14.005s] INFO:colcon.colcon_core.shell:Creating package script '/home/racecar/racecar_ws/src/final_challenge2024/install/state_machine/share/state_machine/package.zsh'
[14.008s] Level 1:colcon.colcon_core.environment:create_file_with_runtime_dependencies(/home/racecar/racecar_ws/src/final_challenge2024/install/state_machine/share/colcon-core/packages/state_machine)
[14.011s] DEBUG:colcon.colcon_parallel_executor.executor.parallel:closing loop
[14.011s] DEBUG:colcon.colcon_parallel_executor.executor.parallel:loop closed
[14.012s] DEBUG:colcon.colcon_parallel_executor.executor.parallel:run_until_complete finished with '0'
[14.013s] DEBUG:colcon.colcon_core.event_reactor:joining thread
[14.177s] INFO:colcon.colcon_core.plugin_system:Skipping extension 'colcon_notification.desktop_notification.notify_send': Could not find 'notify-send'
[14.179s] INFO:colcon.colcon_core.plugin_system:Skipping extension 'colcon_notification.desktop_notification.terminal_notifier': Not used on non-Darwin systems
[14.179s] INFO:colcon.colcon_core.plugin_system:Skipping extension 'colcon_notification.desktop_notification.win32': Not used on non-Windows systems
[14.184s] INFO:colcon.colcon_notification.desktop_notification:Sending desktop notification using 'notify2'
[14.188s] DEBUG:colcon.colcon_notification.desktop_notification.notify2:Failed to initialize notify2: org.freedesktop.DBus.Error.NotSupported: Unable to autolaunch a dbus-daemon without a $DISPLAY for X11
[14.190s] DEBUG:colcon.colcon_core.event_reactor:joined thread
[14.320s] INFO:colcon.colcon_core.shell:Creating prefix script '/home/racecar/racecar_ws/src/final_challenge2024/install/local_setup.ps1'
[14.326s] INFO:colcon.colcon_core.shell:Creating prefix util module '/home/racecar/racecar_ws/src/final_challenge2024/install/_local_setup_util_ps1.py'
[14.332s] INFO:colcon.colcon_core.shell:Creating prefix chain script '/home/racecar/racecar_ws/src/final_challenge2024/install/setup.ps1'
[14.466s] INFO:colcon.colcon_core.shell:Creating prefix script '/home/racecar/racecar_ws/src/final_challenge2024/install/local_setup.sh'
[14.476s] INFO:colcon.colcon_core.shell:Creating prefix util module '/home/racecar/racecar_ws/src/final_challenge2024/install/_local_setup_util_sh.py'
[14.486s] INFO:colcon.colcon_core.shell:Creating prefix chain script '/home/racecar/racecar_ws/src/final_challenge2024/install/setup.sh'
[14.723s] INFO:colcon.colcon_core.shell:Creating prefix script '/home/racecar/racecar_ws/src/final_challenge2024/install/local_setup.bash'
[14.741s] INFO:colcon.colcon_core.shell:Creating prefix chain script '/home/racecar/racecar_ws/src/final_challenge2024/install/setup.bash'
[15.099s] INFO:colcon.colcon_core.shell:Creating prefix script '/home/racecar/racecar_ws/src/final_challenge2024/install/local_setup.zsh'
[15.118s] INFO:colcon.colcon_core.shell:Creating prefix chain script '/home/racecar/racecar_ws/src/final_challenge2024/install/setup.zsh'
