[0.000000] (-) TimerEvent: {}
[0.002506] (-) JobUnselected: {'identifier': 'point_publisher'}
[0.004085] (-) JobUnselected: {'identifier': 'stop_detector'}
[0.004768] (safety_controller) JobQueued: {'identifier': 'safety_controller', 'dependencies': OrderedDict()}
[0.005136] (safety_controller) JobStarted: {'identifier': 'safety_controller'}
[0.100108] (-) TimerEvent: {}
[0.203475] (-) TimerEvent: {}
[0.309476] (-) TimerEvent: {}
[0.417013] (-) TimerEvent: {}
[0.519083] (-) TimerEvent: {}
[0.620501] (-) TimerEvent: {}
[0.723464] (-) TimerEvent: {}
[0.824469] (-) TimerEvent: {}
[0.925666] (-) TimerEvent: {}
[1.026497] (-) TimerEvent: {}
[1.127818] (-) TimerEvent: {}
[1.229633] (-) TimerEvent: {}
[1.338097] (-) TimerEvent: {}
[1.442394] (-) TimerEvent: {}
[1.544152] (-) TimerEvent: {}
[1.648884] (-) TimerEvent: {}
[1.751185] (-) TimerEvent: {}
[1.852683] (-) TimerEvent: {}
[1.954818] (-) TimerEvent: {}
[2.056435] (-) TimerEvent: {}
[2.158491] (-) TimerEvent: {}
[2.262492] (-) TimerEvent: {}
[2.364112] (-) TimerEvent: {}
[2.465569] (-) TimerEvent: {}
[2.566699] (-) TimerEvent: {}
[2.674007] (-) TimerEvent: {}
[2.682068] (safety_controller) Command: {'cmd': ['/usr/bin/python3', 'setup.py', 'develop', '--editable', '--build-directory', '/home/racecar/racecar_ws/src/final_challenge2024/build/safety_controller/build', '--no-deps', 'install_data'], 'cwd': '/home/racecar/racecar_ws/src/final_challenge2024/build/safety_controller', 'env': {'PYTHONIOENCODING': 'utf-8', 'HOSTNAME': '6c212dcd643e', 'SHLVL': '1', 'LD_LIBRARY_PATH': '/home/racecar/racecar_ws/install/vs_msgs/lib:/home/racecar/racecar_ws/install/custom_msgs/lib:/opt/ros/foxy/opt/yaml_cpp_vendor/lib:/opt/ros/foxy/opt/rviz_ogre_vendor/lib:/opt/ros/foxy/lib/x86_64-linux-gnu:/opt/ros/foxy/lib', 'HOME': '/home/racecar', 'OLDPWD': '/home/racecar/racecar_ws', 'ROS_PYTHON_VERSION': '3', 'COLCON_PREFIX_PATH': '/home/racecar/racecar_ws/src/final_challenge2024/install:/home/sim_ws/install:/home/racecar/racecar_ws/install', 'ROS_DISTRO': 'foxy', '_': '/usr/bin/colcon', 'ROS_VERSION': '2', 'TERM': 'xterm', 'ROS_LOCALHOST_ONLY': '0', 'PATH': '/opt/ros/foxy/bin:/usr/local/sbin:/usr/local/bin:/usr/sbin:/usr/bin:/sbin:/bin', 'LANG': 'en_US.UTF-8', 'AMENT_PREFIX_PATH': '/home/racecar/racecar_ws/src/final_challenge2024/install/safety_controller:/home/racecar/racecar_ws/install/wall_follower:/home/racecar/racecar_ws/install/safety_controller:/home/racecar/racecar_ws/install/ros_exercises:/home/racecar/racecar_ws/install/path_planning:/home/racecar/racecar_ws/install/localization:/home/racecar/racecar_ws/install/custom_msgs:/home/sim_ws/install/racecar_simulator:/opt/ros/foxy', 'SIM_WS': '/home/sim_ws', 'PWD': '/home/racecar/racecar_ws/src/final_challenge2024/build/safety_controller', 'PYTHONPATH': '/home/racecar/racecar_ws/src/final_challenge2024/build/safety_controller/prefix_override:/home/racecar/racecar_ws/src/final_challenge2024/install/safety_controller/lib/python3.8/site-packages:/home/racecar/racecar_ws/src/final_challenge2024/build/safety_controller:/home/racecar/racecar_ws/src/final_challenge2024/install/safety_controller/lib/python3.8/site-packages:/home/racecar/racecar_ws/install/wall_follower/lib/python3.8/site-packages:/home/racecar/racecar_ws/install/vs_msgs/lib/python3.8/site-packages:/home/racecar/racecar_ws/build/safety_controller:/home/racecar/racecar_ws/install/safety_controller/lib/python3.8/site-packages:/home/racecar/racecar_ws/install/ros_exercises/lib/python3.8/site-packages:/home/racecar/racecar_ws/build/path_planning:/home/racecar/racecar_ws/install/path_planning/lib/python3.8/site-packages:/home/racecar/racecar_ws/build/localization:/home/racecar/racecar_ws/install/localization/lib/python3.8/site-packages:/home/racecar/racecar_ws/install/custom_msgs/lib/python3.8/site-packages:/opt/ros/foxy/lib/python3.8/site-packages', 'NO_VNC_VERSION': '1.4.0', 'COLCON': '1', 'CMAKE_PREFIX_PATH': '/home/racecar/racecar_ws/install/vs_msgs:/home/racecar/racecar_ws/install/custom_msgs:/home/sim_ws/install/racecar_simulator'}, 'shell': False}
[2.774558] (-) TimerEvent: {}
[2.876593] (-) TimerEvent: {}
[2.978218] (-) TimerEvent: {}
[3.079666] (-) TimerEvent: {}
[3.180623] (-) TimerEvent: {}
[3.285824] (-) TimerEvent: {}
[3.388130] (-) TimerEvent: {}
[3.491642] (-) TimerEvent: {}
[3.509547] (safety_controller) StdoutLine: {'line': b'running develop\n'}
[3.592023] (-) TimerEvent: {}
[3.695567] (-) TimerEvent: {}
[3.798012] (safety_controller) StdoutLine: {'line': b'running egg_info\n'}
[3.799165] (-) TimerEvent: {}
[3.799553] (safety_controller) StdoutLine: {'line': b'writing state_machine.egg-info/PKG-INFO\n'}
[3.800591] (safety_controller) StdoutLine: {'line': b'writing dependency_links to state_machine.egg-info/dependency_links.txt\n'}
[3.801459] (safety_controller) StdoutLine: {'line': b'writing entry points to state_machine.egg-info/entry_points.txt\n'}
[3.802217] (safety_controller) StdoutLine: {'line': b'writing requirements to state_machine.egg-info/requires.txt\n'}
[3.803068] (safety_controller) StdoutLine: {'line': b'writing top-level names to state_machine.egg-info/top_level.txt\n'}
[3.862698] (safety_controller) StdoutLine: {'line': b"reading manifest file 'state_machine.egg-info/SOURCES.txt'\n"}
[3.866498] (safety_controller) StdoutLine: {'line': b"writing manifest file 'state_machine.egg-info/SOURCES.txt'\n"}
[3.899640] (-) TimerEvent: {}
[3.952781] (safety_controller) StdoutLine: {'line': b'running build_ext\n'}
[3.956277] (safety_controller) StdoutLine: {'line': b'Creating /home/racecar/racecar_ws/src/final_challenge2024/install/safety_controller/lib/python3.8/site-packages/state-machine.egg-link (link to .)\n'}
[3.959233] (safety_controller) StdoutLine: {'line': b'Installing state_machine script to /home/racecar/racecar_ws/src/final_challenge2024/install/safety_controller/lib/state_machine\n'}
[3.962091] (safety_controller) StdoutLine: {'line': b'\n'}
[3.962878] (safety_controller) StdoutLine: {'line': b'Installed /home/racecar/racecar_ws/src/final_challenge2024/build/safety_controller\n'}
[3.963677] (safety_controller) StdoutLine: {'line': b'running install_data\n'}
[3.964377] (safety_controller) StderrLine: {'line': b"error: can't copy 'resource/state_machine': doesn't exist or not a regular file\n"}
[3.999795] (-) TimerEvent: {}
[4.002572] (safety_controller) CommandEnded: {'returncode': 1}
[4.003844] (safety_controller) JobEnded: {'identifier': 'safety_controller', 'rc': 1}
[4.024563] (-) EventReactorShutdown: {}
