[4.081s] DEBUG:colcon:Command line arguments: ['/usr/bin/colcon', 'build', '--packages-select', 'safety_controller', 'state_machine', '--symlink-install']
[4.085s] DEBUG:colcon:Parsed command line arguments: Namespace(ament_cmake_args=None, base_paths=['.'], build_base='build', catkin_cmake_args=None, catkin_skip_building_tests=False, cmake_args=None, cmake_clean_cache=False, cmake_clean_first=False, cmake_force_configure=False, cmake_target=None, cmake_target_skip_unavailable=False, continue_on_error=False, event_handlers=None, executor='parallel', ignore_user_meta=False, install_base='install', log_base=None, log_level=None, main=<bound method BuildVerb.main of <colcon_core.verb.build.BuildVerb object at 0x7ffffeb11430>>, merge_install=False, metas=['./colcon.meta'], packages_above=None, packages_above_and_dependencies=None, packages_above_depth=None, packages_end=None, packages_ignore=None, packages_ignore_regex=None, packages_select=['safety_controller', 'state_machine'], packages_select_build_failed=False, packages_select_by_dep=None, packages_select_regex=None, packages_select_test_failures=False, packages_skip=None, packages_skip_build_finished=False, packages_skip_by_dep=None, packages_skip_regex=None, packages_skip_test_passed=False, packages_skip_up_to=None, packages_start=None, packages_up_to=None, packages_up_to_regex=None, parallel_workers=8, paths=None, symlink_install=True, test_result_base=None, verb_extension=<colcon_core.verb.build.BuildVerb object at 0x7ffffeb11430>, verb_name='build', verb_parser=<colcon_defaults.argument_parser.defaults.DefaultArgumentsDecorator object at 0x7ffffe747640>)
[4.364s] Level 1:colcon.colcon_core.package_discovery:discover_packages(colcon_meta) check parameters
[4.366s] Level 1:colcon.colcon_core.package_discovery:discover_packages(recursive) check parameters
[4.367s] Level 1:colcon.colcon_core.package_discovery:discover_packages(ignore) check parameters
[4.367s] Level 1:colcon.colcon_core.package_discovery:discover_packages(path) check parameters
[4.369s] Level 1:colcon.colcon_core.package_discovery:discover_packages(colcon_meta) discover
[4.369s] Level 1:colcon.colcon_core.package_discovery:discover_packages(recursive) discover
[4.369s] INFO:colcon.colcon_core.package_discovery:Crawling recursively for packages in '/home/racecar/racecar_ws/src/final_challenge2024'
[4.372s] Level 1:colcon.colcon_core.package_identification:_identify(.) by extensions ['ignore', 'ignore_ament_install']
[4.372s] Level 1:colcon.colcon_core.package_identification:_identify(.) by extension 'ignore'
[4.373s] Level 1:colcon.colcon_core.package_identification:_identify(.) by extension 'ignore_ament_install'
[4.373s] Level 1:colcon.colcon_core.package_identification:_identify(.) by extensions ['colcon_pkg']
[4.374s] Level 1:colcon.colcon_core.package_identification:_identify(.) by extension 'colcon_pkg'
[4.374s] Level 1:colcon.colcon_core.package_identification:_identify(.) by extensions ['colcon_meta']
[4.374s] Level 1:colcon.colcon_core.package_identification:_identify(.) by extension 'colcon_meta'
[4.375s] Level 1:colcon.colcon_core.package_identification:_identify(.) by extensions ['ros']
[4.375s] Level 1:colcon.colcon_core.package_identification:_identify(.) by extension 'ros'
[4.395s] Level 1:colcon.colcon_core.package_identification:_identify(.) by extensions ['cmake', 'python']
[4.396s] Level 1:colcon.colcon_core.package_identification:_identify(.) by extension 'cmake'
[4.398s] Level 1:colcon.colcon_core.package_identification:_identify(.) by extension 'python'
[4.399s] Level 1:colcon.colcon_core.package_identification:_identify(.) by extensions ['python_setup_py']
[4.400s] Level 1:colcon.colcon_core.package_identification:_identify(.) by extension 'python_setup_py'
[4.401s] Level 1:colcon.colcon_core.package_identification:_identify(build) by extensions ['ignore', 'ignore_ament_install']
[4.401s] Level 1:colcon.colcon_core.package_identification:_identify(build) by extension 'ignore'
[4.402s] Level 1:colcon.colcon_core.package_identification:_identify(build) ignored
[4.403s] Level 1:colcon.colcon_core.package_identification:_identify(install) by extensions ['ignore', 'ignore_ament_install']
[4.403s] Level 1:colcon.colcon_core.package_identification:_identify(install) by extension 'ignore'
[4.404s] Level 1:colcon.colcon_core.package_identification:_identify(install) ignored
[4.405s] Level 1:colcon.colcon_core.package_identification:_identify(log) by extensions ['ignore', 'ignore_ament_install']
[4.405s] Level 1:colcon.colcon_core.package_identification:_identify(log) by extension 'ignore'
[4.405s] Level 1:colcon.colcon_core.package_identification:_identify(log) ignored
[4.406s] Level 1:colcon.colcon_core.package_identification:_identify(media) by extensions ['ignore', 'ignore_ament_install']
[4.407s] Level 1:colcon.colcon_core.package_identification:_identify(media) by extension 'ignore'
[4.407s] Level 1:colcon.colcon_core.package_identification:_identify(media) by extension 'ignore_ament_install'
[4.407s] Level 1:colcon.colcon_core.package_identification:_identify(media) by extensions ['colcon_pkg']
[4.408s] Level 1:colcon.colcon_core.package_identification:_identify(media) by extension 'colcon_pkg'
[4.408s] Level 1:colcon.colcon_core.package_identification:_identify(media) by extensions ['colcon_meta']
[4.408s] Level 1:colcon.colcon_core.package_identification:_identify(media) by extension 'colcon_meta'
[4.408s] Level 1:colcon.colcon_core.package_identification:_identify(media) by extensions ['ros']
[4.409s] Level 1:colcon.colcon_core.package_identification:_identify(media) by extension 'ros'
[4.409s] Level 1:colcon.colcon_core.package_identification:_identify(media) by extensions ['cmake', 'python']
[4.410s] Level 1:colcon.colcon_core.package_identification:_identify(media) by extension 'cmake'
[4.410s] Level 1:colcon.colcon_core.package_identification:_identify(media) by extension 'python'
[4.410s] Level 1:colcon.colcon_core.package_identification:_identify(media) by extensions ['python_setup_py']
[4.410s] Level 1:colcon.colcon_core.package_identification:_identify(media) by extension 'python_setup_py'
[4.411s] Level 1:colcon.colcon_core.package_identification:_identify(point_publisher) by extensions ['ignore', 'ignore_ament_install']
[4.412s] Level 1:colcon.colcon_core.package_identification:_identify(point_publisher) by extension 'ignore'
[4.412s] Level 1:colcon.colcon_core.package_identification:_identify(point_publisher) by extension 'ignore_ament_install'
[4.412s] Level 1:colcon.colcon_core.package_identification:_identify(point_publisher) by extensions ['colcon_pkg']
[4.412s] Level 1:colcon.colcon_core.package_identification:_identify(point_publisher) by extension 'colcon_pkg'
[4.413s] Level 1:colcon.colcon_core.package_identification:_identify(point_publisher) by extensions ['colcon_meta']
[4.413s] Level 1:colcon.colcon_core.package_identification:_identify(point_publisher) by extension 'colcon_meta'
[4.413s] Level 1:colcon.colcon_core.package_identification:_identify(point_publisher) by extensions ['ros']
[4.413s] Level 1:colcon.colcon_core.package_identification:_identify(point_publisher) by extension 'ros'
[4.423s] DEBUG:colcon.colcon_core.package_identification:Package 'point_publisher' with type 'ros.ament_python' and name 'point_publisher'
[4.425s] Level 1:colcon.colcon_core.package_identification:_identify(racetrack_images) by extensions ['ignore', 'ignore_ament_install']
[4.426s] Level 1:colcon.colcon_core.package_identification:_identify(racetrack_images) by extension 'ignore'
[4.426s] Level 1:colcon.colcon_core.package_identification:_identify(racetrack_images) by extension 'ignore_ament_install'
[4.427s] Level 1:colcon.colcon_core.package_identification:_identify(racetrack_images) by extensions ['colcon_pkg']
[4.427s] Level 1:colcon.colcon_core.package_identification:_identify(racetrack_images) by extension 'colcon_pkg'
[4.431s] Level 1:colcon.colcon_core.package_identification:_identify(racetrack_images) by extensions ['colcon_meta']
[4.432s] Level 1:colcon.colcon_core.package_identification:_identify(racetrack_images) by extension 'colcon_meta'
[4.432s] Level 1:colcon.colcon_core.package_identification:_identify(racetrack_images) by extensions ['ros']
[4.432s] Level 1:colcon.colcon_core.package_identification:_identify(racetrack_images) by extension 'ros'
[4.433s] Level 1:colcon.colcon_core.package_identification:_identify(racetrack_images) by extensions ['cmake', 'python']
[4.433s] Level 1:colcon.colcon_core.package_identification:_identify(racetrack_images) by extension 'cmake'
[4.434s] Level 1:colcon.colcon_core.package_identification:_identify(racetrack_images) by extension 'python'
[4.434s] Level 1:colcon.colcon_core.package_identification:_identify(racetrack_images) by extensions ['python_setup_py']
[4.434s] Level 1:colcon.colcon_core.package_identification:_identify(racetrack_images) by extension 'python_setup_py'
[4.436s] Level 1:colcon.colcon_core.package_identification:_identify(racetrack_images/lane_1) by extensions ['ignore', 'ignore_ament_install']
[4.436s] Level 1:colcon.colcon_core.package_identification:_identify(racetrack_images/lane_1) by extension 'ignore'
[4.437s] Level 1:colcon.colcon_core.package_identification:_identify(racetrack_images/lane_1) by extension 'ignore_ament_install'
[4.437s] Level 1:colcon.colcon_core.package_identification:_identify(racetrack_images/lane_1) by extensions ['colcon_pkg']
[4.437s] Level 1:colcon.colcon_core.package_identification:_identify(racetrack_images/lane_1) by extension 'colcon_pkg'
[4.438s] Level 1:colcon.colcon_core.package_identification:_identify(racetrack_images/lane_1) by extensions ['colcon_meta']
[4.438s] Level 1:colcon.colcon_core.package_identification:_identify(racetrack_images/lane_1) by extension 'colcon_meta'
[4.438s] Level 1:colcon.colcon_core.package_identification:_identify(racetrack_images/lane_1) by extensions ['ros']
[4.438s] Level 1:colcon.colcon_core.package_identification:_identify(racetrack_images/lane_1) by extension 'ros'
[4.439s] Level 1:colcon.colcon_core.package_identification:_identify(racetrack_images/lane_1) by extensions ['cmake', 'python']
[4.439s] Level 1:colcon.colcon_core.package_identification:_identify(racetrack_images/lane_1) by extension 'cmake'
[4.440s] Level 1:colcon.colcon_core.package_identification:_identify(racetrack_images/lane_1) by extension 'python'
[4.440s] Level 1:colcon.colcon_core.package_identification:_identify(racetrack_images/lane_1) by extensions ['python_setup_py']
[4.440s] Level 1:colcon.colcon_core.package_identification:_identify(racetrack_images/lane_1) by extension 'python_setup_py'
[4.442s] Level 1:colcon.colcon_core.package_identification:_identify(racetrack_images/lane_3) by extensions ['ignore', 'ignore_ament_install']
[4.442s] Level 1:colcon.colcon_core.package_identification:_identify(racetrack_images/lane_3) by extension 'ignore'
[4.443s] Level 1:colcon.colcon_core.package_identification:_identify(racetrack_images/lane_3) by extension 'ignore_ament_install'
[4.443s] Level 1:colcon.colcon_core.package_identification:_identify(racetrack_images/lane_3) by extensions ['colcon_pkg']
[4.443s] Level 1:colcon.colcon_core.package_identification:_identify(racetrack_images/lane_3) by extension 'colcon_pkg'
[4.444s] Level 1:colcon.colcon_core.package_identification:_identify(racetrack_images/lane_3) by extensions ['colcon_meta']
[4.444s] Level 1:colcon.colcon_core.package_identification:_identify(racetrack_images/lane_3) by extension 'colcon_meta'
[4.444s] Level 1:colcon.colcon_core.package_identification:_identify(racetrack_images/lane_3) by extensions ['ros']
[4.444s] Level 1:colcon.colcon_core.package_identification:_identify(racetrack_images/lane_3) by extension 'ros'
[4.445s] Level 1:colcon.colcon_core.package_identification:_identify(racetrack_images/lane_3) by extensions ['cmake', 'python']
[4.445s] Level 1:colcon.colcon_core.package_identification:_identify(racetrack_images/lane_3) by extension 'cmake'
[4.445s] Level 1:colcon.colcon_core.package_identification:_identify(racetrack_images/lane_3) by extension 'python'
[4.446s] Level 1:colcon.colcon_core.package_identification:_identify(racetrack_images/lane_3) by extensions ['python_setup_py']
[4.446s] Level 1:colcon.colcon_core.package_identification:_identify(racetrack_images/lane_3) by extension 'python_setup_py'
[4.447s] Level 1:colcon.colcon_core.package_identification:_identify(racetrack_images/lane_6) by extensions ['ignore', 'ignore_ament_install']
[4.447s] Level 1:colcon.colcon_core.package_identification:_identify(racetrack_images/lane_6) by extension 'ignore'
[4.448s] Level 1:colcon.colcon_core.package_identification:_identify(racetrack_images/lane_6) by extension 'ignore_ament_install'
[4.448s] Level 1:colcon.colcon_core.package_identification:_identify(racetrack_images/lane_6) by extensions ['colcon_pkg']
[4.448s] Level 1:colcon.colcon_core.package_identification:_identify(racetrack_images/lane_6) by extension 'colcon_pkg'
[4.449s] Level 1:colcon.colcon_core.package_identification:_identify(racetrack_images/lane_6) by extensions ['colcon_meta']
[4.449s] Level 1:colcon.colcon_core.package_identification:_identify(racetrack_images/lane_6) by extension 'colcon_meta'
[4.449s] Level 1:colcon.colcon_core.package_identification:_identify(racetrack_images/lane_6) by extensions ['ros']
[4.449s] Level 1:colcon.colcon_core.package_identification:_identify(racetrack_images/lane_6) by extension 'ros'
[4.450s] Level 1:colcon.colcon_core.package_identification:_identify(racetrack_images/lane_6) by extensions ['cmake', 'python']
[4.450s] Level 1:colcon.colcon_core.package_identification:_identify(racetrack_images/lane_6) by extension 'cmake'
[4.450s] Level 1:colcon.colcon_core.package_identification:_identify(racetrack_images/lane_6) by extension 'python'
[4.451s] Level 1:colcon.colcon_core.package_identification:_identify(racetrack_images/lane_6) by extensions ['python_setup_py']
[4.451s] Level 1:colcon.colcon_core.package_identification:_identify(racetrack_images/lane_6) by extension 'python_setup_py'
[4.452s] Level 1:colcon.colcon_core.package_identification:_identify(safety_controller) by extensions ['ignore', 'ignore_ament_install']
[4.453s] Level 1:colcon.colcon_core.package_identification:_identify(safety_controller) by extension 'ignore'
[4.458s] Level 1:colcon.colcon_core.package_identification:_identify(safety_controller) by extension 'ignore_ament_install'
[4.459s] Level 1:colcon.colcon_core.package_identification:_identify(safety_controller) by extensions ['colcon_pkg']
[4.461s] Level 1:colcon.colcon_core.package_identification:_identify(safety_controller) by extension 'colcon_pkg'
[4.462s] Level 1:colcon.colcon_core.package_identification:_identify(safety_controller) by extensions ['colcon_meta']
[4.462s] Level 1:colcon.colcon_core.package_identification:_identify(safety_controller) by extension 'colcon_meta'
[4.462s] Level 1:colcon.colcon_core.package_identification:_identify(safety_controller) by extensions ['ros']
[4.462s] Level 1:colcon.colcon_core.package_identification:_identify(safety_controller) by extension 'ros'
[4.463s] Level 1:colcon.colcon_core.package_identification:_identify(safety_controller) by extensions ['cmake', 'python']
[4.463s] Level 1:colcon.colcon_core.package_identification:_identify(safety_controller) by extension 'cmake'
[4.464s] Level 1:colcon.colcon_core.package_identification:_identify(safety_controller) by extension 'python'
[4.464s] Level 1:colcon.colcon_core.package_identification:_identify(safety_controller) by extensions ['python_setup_py']
[4.464s] Level 1:colcon.colcon_core.package_identification:_identify(safety_controller) by extension 'python_setup_py'
[4.465s] Level 1:colcon.colcon_core.package_identification:_identify(safety_controller/resource) by extensions ['ignore', 'ignore_ament_install']
[4.466s] Level 1:colcon.colcon_core.package_identification:_identify(safety_controller/resource) by extension 'ignore'
[4.466s] Level 1:colcon.colcon_core.package_identification:_identify(safety_controller/resource) by extension 'ignore_ament_install'
[4.466s] Level 1:colcon.colcon_core.package_identification:_identify(safety_controller/resource) by extensions ['colcon_pkg']
[4.467s] Level 1:colcon.colcon_core.package_identification:_identify(safety_controller/resource) by extension 'colcon_pkg'
[4.467s] Level 1:colcon.colcon_core.package_identification:_identify(safety_controller/resource) by extensions ['colcon_meta']
[4.468s] Level 1:colcon.colcon_core.package_identification:_identify(safety_controller/resource) by extension 'colcon_meta'
[4.468s] Level 1:colcon.colcon_core.package_identification:_identify(safety_controller/resource) by extensions ['ros']
[4.468s] Level 1:colcon.colcon_core.package_identification:_identify(safety_controller/resource) by extension 'ros'
[4.469s] Level 1:colcon.colcon_core.package_identification:_identify(safety_controller/resource) by extensions ['cmake', 'python']
[4.469s] Level 1:colcon.colcon_core.package_identification:_identify(safety_controller/resource) by extension 'cmake'
[4.470s] Level 1:colcon.colcon_core.package_identification:_identify(safety_controller/resource) by extension 'python'
[4.470s] Level 1:colcon.colcon_core.package_identification:_identify(safety_controller/resource) by extensions ['python_setup_py']
[4.470s] Level 1:colcon.colcon_core.package_identification:_identify(safety_controller/resource) by extension 'python_setup_py'
[4.471s] Level 1:colcon.colcon_core.package_identification:_identify(safety_controller/safety_controller) by extensions ['ignore', 'ignore_ament_install']
[4.472s] Level 1:colcon.colcon_core.package_identification:_identify(safety_controller/safety_controller) by extension 'ignore'
[4.472s] Level 1:colcon.colcon_core.package_identification:_identify(safety_controller/safety_controller) by extension 'ignore_ament_install'
[4.473s] Level 1:colcon.colcon_core.package_identification:_identify(safety_controller/safety_controller) by extensions ['colcon_pkg']
[4.473s] Level 1:colcon.colcon_core.package_identification:_identify(safety_controller/safety_controller) by extension 'colcon_pkg'
[4.473s] Level 1:colcon.colcon_core.package_identification:_identify(safety_controller/safety_controller) by extensions ['colcon_meta']
[4.473s] Level 1:colcon.colcon_core.package_identification:_identify(safety_controller/safety_controller) by extension 'colcon_meta'
[4.474s] Level 1:colcon.colcon_core.package_identification:_identify(safety_controller/safety_controller) by extensions ['ros']
[4.474s] Level 1:colcon.colcon_core.package_identification:_identify(safety_controller/safety_controller) by extension 'ros'
[4.475s] Level 1:colcon.colcon_core.package_identification:_identify(safety_controller/safety_controller) by extensions ['cmake', 'python']
[4.475s] Level 1:colcon.colcon_core.package_identification:_identify(safety_controller/safety_controller) by extension 'cmake'
[4.475s] Level 1:colcon.colcon_core.package_identification:_identify(safety_controller/safety_controller) by extension 'python'
[4.476s] Level 1:colcon.colcon_core.package_identification:_identify(safety_controller/safety_controller) by extensions ['python_setup_py']
[4.476s] Level 1:colcon.colcon_core.package_identification:_identify(safety_controller/safety_controller) by extension 'python_setup_py'
[4.477s] Level 1:colcon.colcon_core.package_identification:_identify(safety_controller/safety_controller/__pycache__) by extensions ['ignore', 'ignore_ament_install']
[4.477s] Level 1:colcon.colcon_core.package_identification:_identify(safety_controller/safety_controller/__pycache__) by extension 'ignore'
[4.478s] Level 1:colcon.colcon_core.package_identification:_identify(safety_controller/safety_controller/__pycache__) by extension 'ignore_ament_install'
[4.478s] Level 1:colcon.colcon_core.package_identification:_identify(safety_controller/safety_controller/__pycache__) by extensions ['colcon_pkg']
[4.478s] Level 1:colcon.colcon_core.package_identification:_identify(safety_controller/safety_controller/__pycache__) by extension 'colcon_pkg'
[4.479s] Level 1:colcon.colcon_core.package_identification:_identify(safety_controller/safety_controller/__pycache__) by extensions ['colcon_meta']
[4.479s] Level 1:colcon.colcon_core.package_identification:_identify(safety_controller/safety_controller/__pycache__) by extension 'colcon_meta'
[4.479s] Level 1:colcon.colcon_core.package_identification:_identify(safety_controller/safety_controller/__pycache__) by extensions ['ros']
[4.480s] Level 1:colcon.colcon_core.package_identification:_identify(safety_controller/safety_controller/__pycache__) by extension 'ros'
[4.480s] Level 1:colcon.colcon_core.package_identification:_identify(safety_controller/safety_controller/__pycache__) by extensions ['cmake', 'python']
[4.480s] Level 1:colcon.colcon_core.package_identification:_identify(safety_controller/safety_controller/__pycache__) by extension 'cmake'
[4.481s] Level 1:colcon.colcon_core.package_identification:_identify(safety_controller/safety_controller/__pycache__) by extension 'python'
[4.481s] Level 1:colcon.colcon_core.package_identification:_identify(safety_controller/safety_controller/__pycache__) by extensions ['python_setup_py']
[4.481s] Level 1:colcon.colcon_core.package_identification:_identify(safety_controller/safety_controller/__pycache__) by extension 'python_setup_py'
[4.482s] Level 1:colcon.colcon_core.package_identification:_identify(safety_controller/test) by extensions ['ignore', 'ignore_ament_install']
[4.482s] Level 1:colcon.colcon_core.package_identification:_identify(safety_controller/test) by extension 'ignore'
[4.483s] Level 1:colcon.colcon_core.package_identification:_identify(safety_controller/test) by extension 'ignore_ament_install'
[4.483s] Level 1:colcon.colcon_core.package_identification:_identify(safety_controller/test) by extensions ['colcon_pkg']
[4.483s] Level 1:colcon.colcon_core.package_identification:_identify(safety_controller/test) by extension 'colcon_pkg'
[4.484s] Level 1:colcon.colcon_core.package_identification:_identify(safety_controller/test) by extensions ['colcon_meta']
[4.484s] Level 1:colcon.colcon_core.package_identification:_identify(safety_controller/test) by extension 'colcon_meta'
[4.484s] Level 1:colcon.colcon_core.package_identification:_identify(safety_controller/test) by extensions ['ros']
[4.484s] Level 1:colcon.colcon_core.package_identification:_identify(safety_controller/test) by extension 'ros'
[4.485s] Level 1:colcon.colcon_core.package_identification:_identify(safety_controller/test) by extensions ['cmake', 'python']
[4.490s] Level 1:colcon.colcon_core.package_identification:_identify(safety_controller/test) by extension 'cmake'
[4.490s] Level 1:colcon.colcon_core.package_identification:_identify(safety_controller/test) by extension 'python'
[4.491s] Level 1:colcon.colcon_core.package_identification:_identify(safety_controller/test) by extensions ['python_setup_py']
[4.493s] Level 1:colcon.colcon_core.package_identification:_identify(safety_controller/test) by extension 'python_setup_py'
[4.494s] Level 1:colcon.colcon_core.package_identification:_identify(state_machine) by extensions ['ignore', 'ignore_ament_install']
[4.494s] Level 1:colcon.colcon_core.package_identification:_identify(state_machine) by extension 'ignore'
[4.495s] Level 1:colcon.colcon_core.package_identification:_identify(state_machine) by extension 'ignore_ament_install'
[4.496s] Level 1:colcon.colcon_core.package_identification:_identify(state_machine) by extensions ['colcon_pkg']
[4.496s] Level 1:colcon.colcon_core.package_identification:_identify(state_machine) by extension 'colcon_pkg'
[4.496s] Level 1:colcon.colcon_core.package_identification:_identify(state_machine) by extensions ['colcon_meta']
[4.496s] Level 1:colcon.colcon_core.package_identification:_identify(state_machine) by extension 'colcon_meta'
[4.497s] Level 1:colcon.colcon_core.package_identification:_identify(state_machine) by extensions ['ros']
[4.497s] Level 1:colcon.colcon_core.package_identification:_identify(state_machine) by extension 'ros'
[4.498s] DEBUG:colcon.colcon_core.package_identification:Package 'state_machine' with type 'ros.ament_python' and name 'safety_controller'
[4.499s] Level 1:colcon.colcon_core.package_identification:_identify(stop_detector) by extensions ['ignore', 'ignore_ament_install']
[4.500s] Level 1:colcon.colcon_core.package_identification:_identify(stop_detector) by extension 'ignore'
[4.500s] Level 1:colcon.colcon_core.package_identification:_identify(stop_detector) by extension 'ignore_ament_install'
[4.501s] Level 1:colcon.colcon_core.package_identification:_identify(stop_detector) by extensions ['colcon_pkg']
[4.501s] Level 1:colcon.colcon_core.package_identification:_identify(stop_detector) by extension 'colcon_pkg'
[4.501s] Level 1:colcon.colcon_core.package_identification:_identify(stop_detector) by extensions ['colcon_meta']
[4.501s] Level 1:colcon.colcon_core.package_identification:_identify(stop_detector) by extension 'colcon_meta'
[4.502s] Level 1:colcon.colcon_core.package_identification:_identify(stop_detector) by extensions ['ros']
[4.502s] Level 1:colcon.colcon_core.package_identification:_identify(stop_detector) by extension 'ros'
[4.503s] DEBUG:colcon.colcon_core.package_identification:Package 'stop_detector' with type 'ros.ament_python' and name 'stop_detector'
[4.503s] Level 1:colcon.colcon_core.package_discovery:discover_packages(recursive) using defaults
[4.504s] Level 1:colcon.colcon_core.package_discovery:discover_packages(ignore) discover
[4.504s] Level 1:colcon.colcon_core.package_discovery:discover_packages(ignore) using defaults
[4.504s] Level 1:colcon.colcon_core.package_discovery:discover_packages(path) discover
[4.504s] Level 1:colcon.colcon_core.package_discovery:discover_packages(path) using defaults
[4.552s] WARNING:colcon.colcon_core.package_selection:ignoring unknown package 'state_machine' in --packages-select
[5.165s] INFO:colcon.colcon_core.package_selection:Skipping not selected package 'point_publisher' in 'point_publisher'
[5.175s] INFO:colcon.colcon_core.package_selection:Skipping not selected package 'stop_detector' in 'stop_detector'
[5.434s] Level 5:colcon.colcon_core.verb:set package 'safety_controller' build argument 'cmake_args' from command line to 'None'
[5.440s] Level 5:colcon.colcon_core.verb:set package 'safety_controller' build argument 'cmake_target' from command line to 'None'
[5.442s] Level 5:colcon.colcon_core.verb:set package 'safety_controller' build argument 'cmake_target_skip_unavailable' from command line to 'False'
[5.445s] Level 5:colcon.colcon_core.verb:set package 'safety_controller' build argument 'cmake_clean_cache' from command line to 'False'
[5.446s] Level 5:colcon.colcon_core.verb:set package 'safety_controller' build argument 'cmake_clean_first' from command line to 'False'
[5.447s] Level 5:colcon.colcon_core.verb:set package 'safety_controller' build argument 'cmake_force_configure' from command line to 'False'
[5.451s] Level 5:colcon.colcon_core.verb:set package 'safety_controller' build argument 'ament_cmake_args' from command line to 'None'
[5.452s] Level 5:colcon.colcon_core.verb:set package 'safety_controller' build argument 'catkin_cmake_args' from command line to 'None'
[5.452s] Level 5:colcon.colcon_core.verb:set package 'safety_controller' build argument 'catkin_skip_building_tests' from command line to 'False'
[5.453s] DEBUG:colcon.colcon_core.verb:Building package 'safety_controller' with the following arguments: {'ament_cmake_args': None, 'build_base': '/home/racecar/racecar_ws/src/final_challenge2024/build/safety_controller', 'catkin_cmake_args': None, 'catkin_skip_building_tests': False, 'cmake_args': None, 'cmake_clean_cache': False, 'cmake_clean_first': False, 'cmake_force_configure': False, 'cmake_target': None, 'cmake_target_skip_unavailable': False, 'install_base': '/home/racecar/racecar_ws/src/final_challenge2024/install/safety_controller', 'merge_install': False, 'path': '/home/racecar/racecar_ws/src/final_challenge2024/state_machine', 'symlink_install': True, 'test_result_base': None}
[5.684s] INFO:colcon.colcon_core.executor:Executing jobs using 'parallel' executor
[5.969s] DEBUG:colcon.colcon_parallel_executor.executor.parallel:run_until_complete
[5.978s] INFO:colcon.colcon_ros.task.ament_python.build:Building ROS package in '/home/racecar/racecar_ws/src/final_challenge2024/state_machine' with build type 'ament_python'
[5.984s] Level 1:colcon.colcon_core.shell:create_environment_hook('safety_controller', 'ament_prefix_path')
[6.187s] INFO:colcon.colcon_core.plugin_system:Skipping extension 'colcon_core.shell.bat': Not used on non-Windows systems
[6.188s] INFO:colcon.colcon_core.shell:Creating environment hook '/home/racecar/racecar_ws/src/final_challenge2024/install/safety_controller/share/safety_controller/hook/ament_prefix_path.ps1'
[6.201s] INFO:colcon.colcon_core.shell:Creating environment descriptor '/home/racecar/racecar_ws/src/final_challenge2024/install/safety_controller/share/safety_controller/hook/ament_prefix_path.dsv'
[6.206s] INFO:colcon.colcon_core.shell:Creating environment hook '/home/racecar/racecar_ws/src/final_challenge2024/install/safety_controller/share/safety_controller/hook/ament_prefix_path.sh'
[6.326s] INFO:colcon.colcon_core.shell:Skip shell extension 'powershell' for command environment: Not usable outside of PowerShell
[6.330s] DEBUG:colcon.colcon_core.shell:Skip shell extension 'dsv' for command environment
[7.450s] WARNING:colcon.colcon_ros.task.ament_python.build:Package 'safety_controller' doesn't explicitly install a marker in the package index (colcon-ros currently does it implicitly but that fallback will be removed in the future)
[7.451s] WARNING:colcon.colcon_ros.task.ament_python.build:Package 'safety_controller' doesn't explicitly install the 'package.xml' file (colcon-ros currently does it implicitly but that fallback will be removed in the future)
[7.452s] INFO:colcon.colcon_core.task.python.build:Building Python package in '/home/racecar/racecar_ws/src/final_challenge2024/state_machine'
[7.510s] INFO:colcon.colcon_core.shell:Skip shell extension 'powershell' for command environment: Not usable outside of PowerShell
[7.510s] DEBUG:colcon.colcon_core.shell:Skip shell extension 'dsv' for command environment
[9.579s] DEBUG:colcon.colcon_core.event_handler.log_command:Invoking command in '/home/racecar/racecar_ws/src/final_challenge2024/build/safety_controller': PYTHONPATH=/home/racecar/racecar_ws/src/final_challenge2024/build/safety_controller/prefix_override:/home/racecar/racecar_ws/src/final_challenge2024/install/safety_controller/lib/python3.8/site-packages:${PYTHONPATH} /usr/bin/python3 setup.py develop --editable --build-directory /home/racecar/racecar_ws/src/final_challenge2024/build/safety_controller/build --no-deps install_data
[11.354s] Level 1:colcon.colcon_core.shell:create_environment_hook('safety_controller', 'pythonpath_develop')
[11.355s] DEBUG:colcon.colcon_core.event_handler.log_command:Invoked command in '/home/racecar/racecar_ws/src/final_challenge2024/build/safety_controller' returned '0': PYTHONPATH=/home/racecar/racecar_ws/src/final_challenge2024/build/safety_controller/prefix_override:/home/racecar/racecar_ws/src/final_challenge2024/install/safety_controller/lib/python3.8/site-packages:${PYTHONPATH} /usr/bin/python3 setup.py develop --editable --build-directory /home/racecar/racecar_ws/src/final_challenge2024/build/safety_controller/build --no-deps install_data
[11.424s] INFO:colcon.colcon_core.shell:Creating environment hook '/home/racecar/racecar_ws/src/final_challenge2024/build/safety_controller/share/safety_controller/hook/pythonpath_develop.ps1'
[11.429s] INFO:colcon.colcon_core.shell:Creating environment descriptor '/home/racecar/racecar_ws/src/final_challenge2024/build/safety_controller/share/safety_controller/hook/pythonpath_develop.dsv'
[11.432s] INFO:colcon.colcon_core.shell:Creating environment hook '/home/racecar/racecar_ws/src/final_challenge2024/build/safety_controller/share/safety_controller/hook/pythonpath_develop.sh'
[11.496s] Level 1:colcon.colcon_core.environment:checking '/home/racecar/racecar_ws/src/final_challenge2024/install/safety_controller' for CMake module files
[11.502s] Level 1:colcon.colcon_core.environment:checking '/home/racecar/racecar_ws/src/final_challenge2024/install/safety_controller' for CMake config files
[11.510s] Level 1:colcon.colcon_core.environment:checking '/home/racecar/racecar_ws/src/final_challenge2024/install/safety_controller/lib'
[11.511s] Level 1:colcon.colcon_core.environment:checking '/home/racecar/racecar_ws/src/final_challenge2024/install/safety_controller/bin'
[11.511s] Level 1:colcon.colcon_core.environment:checking '/home/racecar/racecar_ws/src/final_challenge2024/install/safety_controller/lib/pkgconfig/safety_controller.pc'
[11.512s] Level 1:colcon.colcon_core.environment:checking '/home/racecar/racecar_ws/src/final_challenge2024/install/safety_controller/lib/python3.8/site-packages'
[11.512s] Level 1:colcon.colcon_core.shell:create_environment_hook('safety_controller', 'pythonpath')
[11.571s] INFO:colcon.colcon_core.shell:Creating environment hook '/home/racecar/racecar_ws/src/final_challenge2024/install/safety_controller/share/safety_controller/hook/pythonpath.ps1'
[11.574s] INFO:colcon.colcon_core.shell:Creating environment descriptor '/home/racecar/racecar_ws/src/final_challenge2024/install/safety_controller/share/safety_controller/hook/pythonpath.dsv'
[11.576s] INFO:colcon.colcon_core.shell:Creating environment hook '/home/racecar/racecar_ws/src/final_challenge2024/install/safety_controller/share/safety_controller/hook/pythonpath.sh'
[11.577s] Level 1:colcon.colcon_core.environment:checking '/home/racecar/racecar_ws/src/final_challenge2024/install/safety_controller/bin'
[11.578s] Level 1:colcon.colcon_core.environment:create_environment_scripts_only(safety_controller)
[11.649s] INFO:colcon.colcon_core.shell:Creating package script '/home/racecar/racecar_ws/src/final_challenge2024/install/safety_controller/share/safety_controller/package.ps1'
[11.654s] INFO:colcon.colcon_core.shell:Creating package descriptor '/home/racecar/racecar_ws/src/final_challenge2024/install/safety_controller/share/safety_controller/package.dsv'
[11.657s] INFO:colcon.colcon_core.shell:Creating package script '/home/racecar/racecar_ws/src/final_challenge2024/install/safety_controller/share/safety_controller/package.sh'
[11.660s] INFO:colcon.colcon_core.shell:Creating package script '/home/racecar/racecar_ws/src/final_challenge2024/install/safety_controller/share/safety_controller/package.bash'
[11.663s] INFO:colcon.colcon_core.shell:Creating package script '/home/racecar/racecar_ws/src/final_challenge2024/install/safety_controller/share/safety_controller/package.zsh'
[11.664s] Level 1:colcon.colcon_core.environment:create_file_with_runtime_dependencies(/home/racecar/racecar_ws/src/final_challenge2024/install/safety_controller/share/colcon-core/packages/safety_controller)
[11.666s] DEBUG:colcon.colcon_parallel_executor.executor.parallel:closing loop
[11.666s] DEBUG:colcon.colcon_parallel_executor.executor.parallel:loop closed
[11.667s] DEBUG:colcon.colcon_parallel_executor.executor.parallel:run_until_complete finished with '0'
[11.667s] DEBUG:colcon.colcon_core.event_reactor:joining thread
[11.765s] INFO:colcon.colcon_core.plugin_system:Skipping extension 'colcon_notification.desktop_notification.notify_send': Could not find 'notify-send'
[11.766s] INFO:colcon.colcon_core.plugin_system:Skipping extension 'colcon_notification.desktop_notification.terminal_notifier': Not used on non-Darwin systems
[11.766s] INFO:colcon.colcon_core.plugin_system:Skipping extension 'colcon_notification.desktop_notification.win32': Not used on non-Windows systems
[11.767s] INFO:colcon.colcon_notification.desktop_notification:Sending desktop notification using 'notify2'
[11.769s] DEBUG:colcon.colcon_notification.desktop_notification.notify2:Failed to initialize notify2: org.freedesktop.DBus.Error.NotSupported: Unable to autolaunch a dbus-daemon without a $DISPLAY for X11
[11.769s] DEBUG:colcon.colcon_core.event_reactor:joined thread
[11.836s] INFO:colcon.colcon_core.shell:Creating prefix script '/home/racecar/racecar_ws/src/final_challenge2024/install/local_setup.ps1'
[11.839s] INFO:colcon.colcon_core.shell:Creating prefix util module '/home/racecar/racecar_ws/src/final_challenge2024/install/_local_setup_util_ps1.py'
[11.849s] INFO:colcon.colcon_core.shell:Creating prefix chain script '/home/racecar/racecar_ws/src/final_challenge2024/install/setup.ps1'
[11.922s] INFO:colcon.colcon_core.shell:Creating prefix script '/home/racecar/racecar_ws/src/final_challenge2024/install/local_setup.sh'
[11.924s] INFO:colcon.colcon_core.shell:Creating prefix util module '/home/racecar/racecar_ws/src/final_challenge2024/install/_local_setup_util_sh.py'
[11.926s] INFO:colcon.colcon_core.shell:Creating prefix chain script '/home/racecar/racecar_ws/src/final_challenge2024/install/setup.sh'
[12.009s] INFO:colcon.colcon_core.shell:Creating prefix script '/home/racecar/racecar_ws/src/final_challenge2024/install/local_setup.bash'
[12.011s] INFO:colcon.colcon_core.shell:Creating prefix chain script '/home/racecar/racecar_ws/src/final_challenge2024/install/setup.bash'
[12.085s] INFO:colcon.colcon_core.shell:Creating prefix script '/home/racecar/racecar_ws/src/final_challenge2024/install/local_setup.zsh'
[12.087s] INFO:colcon.colcon_core.shell:Creating prefix chain script '/home/racecar/racecar_ws/src/final_challenge2024/install/setup.zsh'
