[0.000000] (-) TimerEvent: {}
[0.051101] (-) JobUnselected: {'identifier': 'point_publisher'}
[0.058981] (-) JobUnselected: {'identifier': 'stop_detector'}
[0.123281] (-) TimerEvent: {}
[0.536670] (safety_controller) JobQueued: {'identifier': 'safety_controller', 'dependencies': OrderedDict()}
[0.639963] (-) TimerEvent: {}
[0.677716] (safety_controller) JobStarted: {'identifier': 'safety_controller'}
[0.741949] (-) TimerEvent: {}
[0.880496] (-) TimerEvent: {}
[1.006998] (-) TimerEvent: {}
[1.142645] (-) TimerEvent: {}
[1.261768] (-) TimerEvent: {}
[1.390135] (-) TimerEvent: {}
[1.495139] (-) TimerEvent: {}
[1.599682] (-) TimerEvent: {}
[1.703079] (-) TimerEvent: {}
[1.806899] (-) TimerEvent: {}
[1.925720] (-) TimerEvent: {}
[2.046742] (-) TimerEvent: {}
[2.166260] (-) TimerEvent: {}
[2.270591] (-) TimerEvent: {}
[2.383519] (-) TimerEvent: {}
[2.502516] (-) TimerEvent: {}
[2.619454] (-) TimerEvent: {}
[2.739627] (-) TimerEvent: {}
[2.872315] (-) TimerEvent: {}
[2.979858] (-) TimerEvent: {}
[3.081803] (-) TimerEvent: {}
[3.188224] (-) TimerEvent: {}
[3.294391] (-) TimerEvent: {}
[3.400026] (-) TimerEvent: {}
[3.504773] (-) TimerEvent: {}
[3.607310] (-) TimerEvent: {}
[3.709882] (-) TimerEvent: {}
[3.813732] (-) TimerEvent: {}
[3.928954] (-) TimerEvent: {}
[4.034104] (-) TimerEvent: {}
[4.140391] (-) TimerEvent: {}
[4.243017] (-) TimerEvent: {}
[4.344929] (-) TimerEvent: {}
[4.449542] (-) TimerEvent: {}
[4.553055] (-) TimerEvent: {}
[4.655789] (-) TimerEvent: {}
[4.758224] (-) TimerEvent: {}
[4.866848] (-) TimerEvent: {}
[4.970262] (-) TimerEvent: {}
[5.097585] (-) TimerEvent: {}
[5.241590] (-) TimerEvent: {}
[5.536875] (-) TimerEvent: {}
[5.657902] (-) TimerEvent: {}
[5.771718] (-) TimerEvent: {}
[5.882240] (-) TimerEvent: {}
[6.027011] (-) TimerEvent: {}
[6.142385] (-) TimerEvent: {}
[6.246891] (-) TimerEvent: {}
[6.370344] (-) TimerEvent: {}
[6.481691] (-) TimerEvent: {}
[6.588685] (-) TimerEvent: {}
[6.691624] (-) TimerEvent: {}
[6.804439] (-) TimerEvent: {}
[6.911914] (-) TimerEvent: {}
[7.015608] (-) TimerEvent: {}
[7.120874] (-) TimerEvent: {}
[7.224767] (-) TimerEvent: {}
[7.327416] (-) TimerEvent: {}
[7.430696] (-) TimerEvent: {}
[7.531694] (-) TimerEvent: {}
[7.632902] (-) TimerEvent: {}
[7.733804] (-) TimerEvent: {}
[7.836054] (-) TimerEvent: {}
[7.937994] (-) TimerEvent: {}
[8.042825] (-) TimerEvent: {}
[8.144663] (-) TimerEvent: {}
[8.154025] (safety_controller) Command: {'cmd': ['/usr/bin/python3', 'setup.py', 'develop', '--editable', '--build-directory', '/home/racecar/racecar_ws/src/final_challenge2024/build/safety_controller/build', '--no-deps', 'install_data'], 'cwd': '/home/racecar/racecar_ws/src/final_challenge2024/build/safety_controller', 'env': {'PYTHONIOENCODING': 'utf-8', 'HOSTNAME': '6c212dcd643e', 'SHLVL': '1', 'LD_LIBRARY_PATH': '/home/racecar/racecar_ws/install/vs_msgs/lib:/home/racecar/racecar_ws/install/custom_msgs/lib:/opt/ros/foxy/opt/yaml_cpp_vendor/lib:/opt/ros/foxy/opt/rviz_ogre_vendor/lib:/opt/ros/foxy/lib/x86_64-linux-gnu:/opt/ros/foxy/lib', 'HOME': '/home/racecar', 'OLDPWD': '/home/racecar/racecar_ws', 'ROS_PYTHON_VERSION': '3', 'COLCON_PREFIX_PATH': '/home/sim_ws/install:/home/racecar/racecar_ws/install', 'ROS_DISTRO': 'foxy', '_': '/usr/bin/colcon', 'ROS_VERSION': '2', 'TERM': 'xterm', 'ROS_LOCALHOST_ONLY': '0', 'PATH': '/opt/ros/foxy/bin:/usr/local/sbin:/usr/local/bin:/usr/sbin:/usr/bin:/sbin:/bin', 'LANG': 'en_US.UTF-8', 'AMENT_PREFIX_PATH': '/home/racecar/racecar_ws/install/wall_follower:/home/racecar/racecar_ws/install/safety_controller:/home/racecar/racecar_ws/install/ros_exercises:/home/racecar/racecar_ws/install/path_planning:/home/racecar/racecar_ws/install/localization:/home/racecar/racecar_ws/install/custom_msgs:/home/sim_ws/install/racecar_simulator:/opt/ros/foxy', 'SIM_WS': '/home/sim_ws', 'PWD': '/home/racecar/racecar_ws/src/final_challenge2024/build/safety_controller', 'PYTHONPATH': '/home/racecar/racecar_ws/src/final_challenge2024/build/safety_controller/prefix_override:/home/racecar/racecar_ws/src/final_challenge2024/install/safety_controller/lib/python3.8/site-packages:/home/racecar/racecar_ws/install/wall_follower/lib/python3.8/site-packages:/home/racecar/racecar_ws/install/vs_msgs/lib/python3.8/site-packages:/home/racecar/racecar_ws/build/safety_controller:/home/racecar/racecar_ws/install/safety_controller/lib/python3.8/site-packages:/home/racecar/racecar_ws/install/ros_exercises/lib/python3.8/site-packages:/home/racecar/racecar_ws/build/path_planning:/home/racecar/racecar_ws/install/path_planning/lib/python3.8/site-packages:/home/racecar/racecar_ws/build/localization:/home/racecar/racecar_ws/install/localization/lib/python3.8/site-packages:/home/racecar/racecar_ws/install/custom_msgs/lib/python3.8/site-packages:/opt/ros/foxy/lib/python3.8/site-packages', 'NO_VNC_VERSION': '1.4.0', 'COLCON': '1', 'CMAKE_PREFIX_PATH': '/home/racecar/racecar_ws/install/vs_msgs:/home/racecar/racecar_ws/install/custom_msgs:/home/sim_ws/install/racecar_simulator'}, 'shell': False}
[8.245038] (-) TimerEvent: {}
[8.350731] (-) TimerEvent: {}
[8.452729] (-) TimerEvent: {}
[8.555762] (-) TimerEvent: {}
[8.656704] (-) TimerEvent: {}
[8.757728] (-) TimerEvent: {}
[8.859463] (-) TimerEvent: {}
[8.936476] (safety_controller) StdoutLine: {'line': b'running develop\n'}
[8.959912] (-) TimerEvent: {}
[9.061739] (-) TimerEvent: {}
[9.164368] (-) TimerEvent: {}
[9.266365] (-) TimerEvent: {}
[9.371875] (-) TimerEvent: {}
[9.432003] (safety_controller) StdoutLine: {'line': b'running egg_info\n'}
[9.434178] (safety_controller) StdoutLine: {'line': b'writing safety_controller.egg-info/PKG-INFO\n'}
[9.436491] (safety_controller) StdoutLine: {'line': b'writing dependency_links to safety_controller.egg-info/dependency_links.txt\n'}
[9.451399] (safety_controller) StdoutLine: {'line': b'writing entry points to safety_controller.egg-info/entry_points.txt\n'}
[9.456337] (safety_controller) StdoutLine: {'line': b'writing requirements to safety_controller.egg-info/requires.txt\n'}
[9.458376] (safety_controller) StdoutLine: {'line': b'writing top-level names to safety_controller.egg-info/top_level.txt\n'}
[9.472808] (-) TimerEvent: {}
[9.564249] (safety_controller) StdoutLine: {'line': b"reading manifest file 'safety_controller.egg-info/SOURCES.txt'\n"}
[9.576723] (-) TimerEvent: {}
[9.582147] (safety_controller) StdoutLine: {'line': b"writing manifest file 'safety_controller.egg-info/SOURCES.txt'\n"}
[9.678505] (-) TimerEvent: {}
[9.713665] (safety_controller) StdoutLine: {'line': b'running build_ext\n'}
[9.716137] (safety_controller) StdoutLine: {'line': b'Creating /home/racecar/racecar_ws/src/final_challenge2024/install/safety_controller/lib/python3.8/site-packages/site.py\n'}
[9.737055] (safety_controller) StdoutLine: {'line': b'Creating /home/racecar/racecar_ws/src/final_challenge2024/install/safety_controller/lib/python3.8/site-packages/safety-controller.egg-link (link to .)\n'}
[9.748298] (safety_controller) StdoutLine: {'line': b'Installing safety_controller script to /home/racecar/racecar_ws/src/final_challenge2024/install/safety_controller/lib/safety_controller\n'}
[9.751612] (safety_controller) StdoutLine: {'line': b'\n'}
[9.753077] (safety_controller) StdoutLine: {'line': b'Installed /home/racecar/racecar_ws/src/final_challenge2024/build/safety_controller\n'}
[9.754389] (safety_controller) StdoutLine: {'line': b'running install_data\n'}
[9.779386] (-) TimerEvent: {}
[9.810972] (safety_controller) CommandEnded: {'returncode': 0}
[9.880576] (-) TimerEvent: {}
[9.985021] (-) TimerEvent: {}
[10.086857] (-) TimerEvent: {}
[10.192676] (-) TimerEvent: {}
[10.298989] (-) TimerEvent: {}
[10.404026] (-) TimerEvent: {}
[10.427290] (safety_controller) JobEnded: {'identifier': 'safety_controller', 'rc': 0}
[10.437245] (-) EventReactorShutdown: {}
