[3.990s] Invoking command in '/home/racecar/racecar_ws/src/final_challenge2024/build/state_machine': PYTHONPATH=/home/racecar/racecar_ws/src/final_challenge2024/build/state_machine/prefix_override:/home/racecar/racecar_ws/src/final_challenge2024/install/state_machine/lib/python3.8/site-packages:${PYTHONPATH} /usr/bin/python3 setup.py develop --editable --build-directory /home/racecar/racecar_ws/src/final_challenge2024/build/state_machine/build --no-deps install_data
[5.260s] running develop
[5.756s] running egg_info
[5.758s] creating state_machine.egg-info
[5.760s] writing state_machine.egg-info/PKG-INFO
[5.763s] writing dependency_links to state_machine.egg-info/dependency_links.txt
[5.766s] writing entry points to state_machine.egg-info/entry_points.txt
[5.773s] writing requirements to state_machine.egg-info/requires.txt
[5.779s] writing top-level names to state_machine.egg-info/top_level.txt
[5.788s] writing manifest file 'state_machine.egg-info/SOURCES.txt'
[5.912s] reading manifest file 'state_machine.egg-info/SOURCES.txt'
[5.922s] writing manifest file 'state_machine.egg-info/SOURCES.txt'
[6.105s] running build_ext
[6.108s] Creating /home/racecar/racecar_ws/src/final_challenge2024/install/state_machine/lib/python3.8/site-packages/site.py
[6.148s] Creating /home/racecar/racecar_ws/src/final_challenge2024/install/state_machine/lib/python3.8/site-packages/state-machine.egg-link (link to .)
[6.153s] Installing state_machine script to /home/racecar/racecar_ws/src/final_challenge2024/install/state_machine/lib/state_machine
[6.166s] 
[6.177s] Installed /home/racecar/racecar_ws/src/final_challenge2024/build/state_machine
[6.179s] running install_data
[6.185s] creating /home/racecar/racecar_ws/src/final_challenge2024/install/state_machine/share/ament_index
[6.191s] creating /home/racecar/racecar_ws/src/final_challenge2024/install/state_machine/share/ament_index/resource_index
[6.206s] creating /home/racecar/racecar_ws/src/final_challenge2024/install/state_machine/share/ament_index/resource_index/packages
[6.216s] copying resource/state_machine -> /home/racecar/racecar_ws/src/final_challenge2024/install/state_machine/share/ament_index/resource_index/packages
[6.240s] copying package.xml -> /home/racecar/racecar_ws/src/final_challenge2024/install/state_machine/share/state_machine
[7.040s] Invoked command in '/home/racecar/racecar_ws/src/final_challenge2024/build/state_machine' returned '0': PYTHONPATH=/home/racecar/racecar_ws/src/final_challenge2024/build/state_machine/prefix_override:/home/racecar/racecar_ws/src/final_challenge2024/install/state_machine/lib/python3.8/site-packages:${PYTHONPATH} /usr/bin/python3 setup.py develop --editable --build-directory /home/racecar/racecar_ws/src/final_challenge2024/build/state_machine/build --no-deps install_data
