[0.000000] (-) TimerEvent: {}
[0.008574] (-) JobUnselected: {'identifier': 'point_publisher'}
[0.011922] (-) JobUnselected: {'identifier': 'stop_detector'}
[0.020416] (safety_controller) JobQueued: {'identifier': 'safety_controller', 'dependencies': OrderedDict()}
[0.030328] (safety_controller) JobStarted: {'identifier': 'safety_controller'}
[0.090196] (-) TimerEvent: {}
[0.211380] (-) TimerEvent: {}
[0.318246] (-) TimerEvent: {}
[0.419955] (-) TimerEvent: {}
[0.525541] (-) TimerEvent: {}
[0.634751] (-) TimerEvent: {}
[0.743252] (-) TimerEvent: {}
[0.849344] (-) TimerEvent: {}
[0.952157] (-) TimerEvent: {}
[1.053707] (-) TimerEvent: {}
[1.156483] (-) TimerEvent: {}
[1.259754] (-) TimerEvent: {}
[1.366125] (-) TimerEvent: {}
[1.478015] (-) TimerEvent: {}
[1.580857] (-) TimerEvent: {}
[1.681898] (-) TimerEvent: {}
[1.784876] (-) TimerEvent: {}
[1.889517] (-) TimerEvent: {}
[1.992472] (-) TimerEvent: {}
[2.094761] (-) TimerEvent: {}
[2.195775] (-) TimerEvent: {}
[2.297721] (-) TimerEvent: {}
[2.398717] (-) TimerEvent: {}
[2.499720] (-) TimerEvent: {}
[2.602698] (-) TimerEvent: {}
[2.711276] (-) TimerEvent: {}
[2.814688] (-) TimerEvent: {}
[2.915959] (-) TimerEvent: {}
[3.036860] (-) TimerEvent: {}
[3.336682] (-) TimerEvent: {}
[3.449758] (-) TimerEvent: {}
[3.552868] (-) TimerEvent: {}
[3.657665] (-) TimerEvent: {}
[3.759936] (-) TimerEvent: {}
[3.864731] (-) TimerEvent: {}
[3.965748] (-) TimerEvent: {}
[4.066819] (-) TimerEvent: {}
[4.169236] (-) TimerEvent: {}
[4.270713] (-) TimerEvent: {}
[4.375365] (-) TimerEvent: {}
[4.478304] (-) TimerEvent: {}
[4.579327] (-) TimerEvent: {}
[4.657702] (safety_controller) Command: {'cmd': ['/usr/bin/python3', 'setup.py', 'develop', '--editable', '--build-directory', '/home/racecar/racecar_ws/src/final_challenge2024/build/safety_controller/build', '--no-deps', 'install_data'], 'cwd': '/home/racecar/racecar_ws/src/final_challenge2024/build/safety_controller', 'env': {'PYTHONIOENCODING': 'utf-8', 'HOSTNAME': '6c212dcd643e', 'SHLVL': '1', 'LD_LIBRARY_PATH': '/home/racecar/racecar_ws/install/vs_msgs/lib:/home/racecar/racecar_ws/install/custom_msgs/lib:/opt/ros/foxy/opt/yaml_cpp_vendor/lib:/opt/ros/foxy/opt/rviz_ogre_vendor/lib:/opt/ros/foxy/lib/x86_64-linux-gnu:/opt/ros/foxy/lib', 'HOME': '/home/racecar', 'OLDPWD': '/home/racecar/racecar_ws', 'ROS_PYTHON_VERSION': '3', 'COLCON_PREFIX_PATH': '/home/racecar/racecar_ws/src/final_challenge2024/install:/home/sim_ws/install:/home/racecar/racecar_ws/install', 'ROS_DISTRO': 'foxy', '_': '/usr/bin/colcon', 'ROS_VERSION': '2', 'TERM': 'xterm', 'ROS_LOCALHOST_ONLY': '0', 'PATH': '/opt/ros/foxy/bin:/usr/local/sbin:/usr/local/bin:/usr/sbin:/usr/bin:/sbin:/bin', 'LANG': 'en_US.UTF-8', 'AMENT_PREFIX_PATH': '/home/racecar/racecar_ws/src/final_challenge2024/install/safety_controller:/home/racecar/racecar_ws/install/wall_follower:/home/racecar/racecar_ws/install/safety_controller:/home/racecar/racecar_ws/install/ros_exercises:/home/racecar/racecar_ws/install/path_planning:/home/racecar/racecar_ws/install/localization:/home/racecar/racecar_ws/install/custom_msgs:/home/sim_ws/install/racecar_simulator:/opt/ros/foxy', 'SIM_WS': '/home/sim_ws', 'PWD': '/home/racecar/racecar_ws/src/final_challenge2024/build/safety_controller', 'PYTHONPATH': '/home/racecar/racecar_ws/src/final_challenge2024/build/safety_controller/prefix_override:/home/racecar/racecar_ws/src/final_challenge2024/install/safety_controller/lib/python3.8/site-packages:/home/racecar/racecar_ws/src/final_challenge2024/build/safety_controller:/home/racecar/racecar_ws/src/final_challenge2024/install/safety_controller/lib/python3.8/site-packages:/home/racecar/racecar_ws/install/wall_follower/lib/python3.8/site-packages:/home/racecar/racecar_ws/install/vs_msgs/lib/python3.8/site-packages:/home/racecar/racecar_ws/build/safety_controller:/home/racecar/racecar_ws/install/safety_controller/lib/python3.8/site-packages:/home/racecar/racecar_ws/install/ros_exercises/lib/python3.8/site-packages:/home/racecar/racecar_ws/build/path_planning:/home/racecar/racecar_ws/install/path_planning/lib/python3.8/site-packages:/home/racecar/racecar_ws/build/localization:/home/racecar/racecar_ws/install/localization/lib/python3.8/site-packages:/home/racecar/racecar_ws/install/custom_msgs/lib/python3.8/site-packages:/opt/ros/foxy/lib/python3.8/site-packages', 'NO_VNC_VERSION': '1.4.0', 'COLCON': '1', 'CMAKE_PREFIX_PATH': '/home/racecar/racecar_ws/install/vs_msgs:/home/racecar/racecar_ws/install/custom_msgs:/home/sim_ws/install/racecar_simulator'}, 'shell': False}
[4.680735] (-) TimerEvent: {}
[4.787865] (-) TimerEvent: {}
[4.888781] (-) TimerEvent: {}
[4.989732] (-) TimerEvent: {}
[5.090744] (-) TimerEvent: {}
[5.191806] (-) TimerEvent: {}
[5.294728] (-) TimerEvent: {}
[5.401091] (-) TimerEvent: {}
[5.503089] (-) TimerEvent: {}
[5.507848] (safety_controller) StdoutLine: {'line': b'running develop\n'}
[5.604030] (-) TimerEvent: {}
[5.711140] (-) TimerEvent: {}
[5.828075] (-) TimerEvent: {}
[5.933531] (-) TimerEvent: {}
[6.035883] (-) TimerEvent: {}
[6.139815] (-) TimerEvent: {}
[6.242735] (-) TimerEvent: {}
[6.345825] (-) TimerEvent: {}
[6.355530] (safety_controller) StdoutLine: {'line': b'running egg_info\n'}
[6.359498] (safety_controller) StdoutLine: {'line': b'creating state_machine.egg-info\n'}
[6.361453] (safety_controller) StdoutLine: {'line': b'writing state_machine.egg-info/PKG-INFO\n'}
[6.363108] (safety_controller) StdoutLine: {'line': b'writing dependency_links to state_machine.egg-info/dependency_links.txt\n'}
[6.366149] (safety_controller) StdoutLine: {'line': b'writing entry points to state_machine.egg-info/entry_points.txt\n'}
[6.370282] (safety_controller) StdoutLine: {'line': b'writing requirements to state_machine.egg-info/requires.txt\n'}
[6.372464] (safety_controller) StdoutLine: {'line': b'writing top-level names to state_machine.egg-info/top_level.txt\n'}
[6.388762] (safety_controller) StdoutLine: {'line': b"writing manifest file 'state_machine.egg-info/SOURCES.txt'\n"}
[6.446778] (-) TimerEvent: {}
[6.475749] (safety_controller) StderrLine: {'line': b"package init file 'state_machine/__init__.py' not found (or not a regular file)\n"}
[6.483498] (safety_controller) StdoutLine: {'line': b"reading manifest file 'state_machine.egg-info/SOURCES.txt'\n"}
[6.488710] (safety_controller) StdoutLine: {'line': b"writing manifest file 'state_machine.egg-info/SOURCES.txt'\n"}
[6.547987] (-) TimerEvent: {}
[6.650350] (-) TimerEvent: {}
[6.660399] (safety_controller) StdoutLine: {'line': b'running build_ext\n'}
[6.673856] (safety_controller) StdoutLine: {'line': b'Creating /home/racecar/racecar_ws/src/final_challenge2024/install/safety_controller/lib/python3.8/site-packages/state-machine.egg-link (link to .)\n'}
[6.678972] (safety_controller) StdoutLine: {'line': b'Installing state_machine script to /home/racecar/racecar_ws/src/final_challenge2024/install/safety_controller/lib/state_machine\n'}
[6.686348] (safety_controller) StdoutLine: {'line': b'\n'}
[6.688483] (safety_controller) StdoutLine: {'line': b'Installed /home/racecar/racecar_ws/src/final_challenge2024/build/safety_controller\n'}
[6.689660] (safety_controller) StdoutLine: {'line': b'running install_data\n'}
[6.696368] (safety_controller) StderrLine: {'line': b"error: can't copy 'resource/state_machine': doesn't exist or not a regular file\n"}
[6.749530] (safety_controller) CommandEnded: {'returncode': 1}
[6.755961] (-) TimerEvent: {}
[6.805161] (safety_controller) JobEnded: {'identifier': 'safety_controller', 'rc': 1}
[6.940149] (-) TimerEvent: {}
[6.944085] (-) EventReactorShutdown: {}
