running develop
running egg_info
creating state_machine.egg-info
writing state_machine.egg-info/PKG-INFO
writing dependency_links to state_machine.egg-info/dependency_links.txt
writing entry points to state_machine.egg-info/entry_points.txt
writing requirements to state_machine.egg-info/requires.txt
writing top-level names to state_machine.egg-info/top_level.txt
writing manifest file 'state_machine.egg-info/SOURCES.txt'
reading manifest file 'state_machine.egg-info/SOURCES.txt'
writing manifest file 'state_machine.egg-info/SOURCES.txt'
running build_ext
Creating /home/racecar/racecar_ws/src/final_challenge2024/install/state_machine/lib/python3.8/site-packages/site.py
Creating /home/racecar/racecar_ws/src/final_challenge2024/install/state_machine/lib/python3.8/site-packages/state-machine.egg-link (link to .)
Installing state_machine script to /home/racecar/racecar_ws/src/final_challenge2024/install/state_machine/lib/state_machine

Installed /home/racecar/racecar_ws/src/final_challenge2024/build/state_machine
running install_data
creating /home/racecar/racecar_ws/src/final_challenge2024/install/state_machine/share/ament_index
creating /home/racecar/racecar_ws/src/final_challenge2024/install/state_machine/share/ament_index/resource_index
creating /home/racecar/racecar_ws/src/final_challenge2024/install/state_machine/share/ament_index/resource_index/packages
copying resource/state_machine -> /home/racecar/racecar_ws/src/final_challenge2024/install/state_machine/share/ament_index/resource_index/packages
copying package.xml -> /home/racecar/racecar_ws/src/final_challenge2024/install/state_machine/share/state_machine
