[2.575s] Invoking command in '/home/racecar/racecar_ws/src/final_challenge2024/safety_controller': PYTHONPATH=/home/racecar/racecar_ws/src/final_challenge2024/build/safety_controller/prefix_override:/home/racecar/racecar_ws/src/final_challenge2024/install/safety_controller/lib/python3.8/site-packages:${PYTHONPATH} /usr/bin/python3 setup.py egg_info --egg-base ../build/safety_controller build --build-base /home/racecar/racecar_ws/src/final_challenge2024/build/safety_controller/build install --record /home/racecar/racecar_ws/src/final_challenge2024/build/safety_controller/install.log --install-scripts $base/lib/safety_controller --single-version-externally-managed
[3.181s] running egg_info
[3.183s] writing ../build/safety_controller/safety_controller.egg-info/PKG-INFO
[3.184s] writing dependency_links to ../build/safety_controller/safety_controller.egg-info/dependency_links.txt
[3.195s] writing entry points to ../build/safety_controller/safety_controller.egg-info/entry_points.txt
[3.198s] writing requirements to ../build/safety_controller/safety_controller.egg-info/requires.txt
[3.199s] writing top-level names to ../build/safety_controller/safety_controller.egg-info/top_level.txt
[3.262s] reading manifest file '../build/safety_controller/safety_controller.egg-info/SOURCES.txt'
[3.266s] writing manifest file '../build/safety_controller/safety_controller.egg-info/SOURCES.txt'
[3.267s] running build
[3.268s] running build_py
[3.269s] running install
[3.270s] running install_lib
[3.274s] running install_data
[3.276s] running install_egg_info
[3.279s] removing '/home/racecar/racecar_ws/src/final_challenge2024/install/safety_controller/lib/python3.8/site-packages/safety_controller-0.0.0-py3.8.egg-info' (and everything under it)
[3.295s] Copying ../build/safety_controller/safety_controller.egg-info to /home/racecar/racecar_ws/src/final_challenge2024/install/safety_controller/lib/python3.8/site-packages/safety_controller-0.0.0-py3.8.egg-info
[3.332s] running install_scripts
[3.374s] Installing safety_controller script to /home/racecar/racecar_ws/src/final_challenge2024/install/safety_controller/lib/safety_controller
[3.377s] writing list of installed files to '/home/racecar/racecar_ws/src/final_challenge2024/build/safety_controller/install.log'
[3.412s] Invoked command in '/home/racecar/racecar_ws/src/final_challenge2024/safety_controller' returned '0': PYTHONPATH=/home/racecar/racecar_ws/src/final_challenge2024/build/safety_controller/prefix_override:/home/racecar/racecar_ws/src/final_challenge2024/install/safety_controller/lib/python3.8/site-packages:${PYTHONPATH} /usr/bin/python3 setup.py egg_info --egg-base ../build/safety_controller build --build-base /home/racecar/racecar_ws/src/final_challenge2024/build/safety_controller/build install --record /home/racecar/racecar_ws/src/final_challenge2024/build/safety_controller/install.log --install-scripts $base/lib/safety_controller --single-version-externally-managed
