[4.644s] Invoking command in '/home/racecar/racecar_ws/src/final_challenge2024/build/safety_controller': PYTHONPATH=/home/racecar/racecar_ws/src/final_challenge2024/build/safety_controller/prefix_override:/home/racecar/racecar_ws/src/final_challenge2024/install/safety_controller/lib/python3.8/site-packages:${PYTHONPATH} /usr/bin/python3 setup.py develop --editable --build-directory /home/racecar/racecar_ws/src/final_challenge2024/build/safety_controller/build --no-deps install_data
[5.479s] running develop
[6.328s] running egg_info
[6.329s] creating state_machine.egg-info
[6.331s] writing state_machine.egg-info/PKG-INFO
[6.333s] writing dependency_links to state_machine.egg-info/dependency_links.txt
[6.337s] writing entry points to state_machine.egg-info/entry_points.txt
[6.341s] writing requirements to state_machine.egg-info/requires.txt
[6.348s] writing top-level names to state_machine.egg-info/top_level.txt
[6.359s] writing manifest file 'state_machine.egg-info/SOURCES.txt'
[6.448s] package init file 'state_machine/__init__.py' not found (or not a regular file)
[6.454s] reading manifest file 'state_machine.egg-info/SOURCES.txt'
[6.459s] writing manifest file 'state_machine.egg-info/SOURCES.txt'
[6.641s] running build_ext
[6.644s] Creating /home/racecar/racecar_ws/src/final_challenge2024/install/safety_controller/lib/python3.8/site-packages/state-machine.egg-link (link to .)
[6.650s] Installing state_machine script to /home/racecar/racecar_ws/src/final_challenge2024/install/safety_controller/lib/state_machine
[6.657s] 
[6.658s] Installed /home/racecar/racecar_ws/src/final_challenge2024/build/safety_controller
[6.664s] running install_data
[6.666s] error: can't copy 'resource/state_machine': doesn't exist or not a regular file
[6.720s] Invoked command in '/home/racecar/racecar_ws/src/final_challenge2024/build/safety_controller' returned '1': PYTHONPATH=/home/racecar/racecar_ws/src/final_challenge2024/build/safety_controller/prefix_override:/home/racecar/racecar_ws/src/final_challenge2024/install/safety_controller/lib/python3.8/site-packages:${PYTHONPATH} /usr/bin/python3 setup.py develop --editable --build-directory /home/racecar/racecar_ws/src/final_challenge2024/build/safety_controller/build --no-deps install_data
